This is pdfTeX, Version 3.141592653-2.6-1.40.26 (MiKTeX 24.4) (preloaded format=pdflatex 2024.6.2)  14 JUN 2024 06:54
entering extended mode
 restricted \write18 enabled.
 file:line:error style messages enabled.
 %&-line parsing enabled.
**"c:/Users/User/OneDrive/RUB/Master/Second Semester/Applied FEM/Dynamics/Applied FEM Homeworks/HW02/Reports/LaTeX/cover page.tex"
(c:/Users/User/OneDrive/RUB/Master/Second Semester/Applied FEM/Dynamics/Applied FEM Homeworks/HW02/Reports/LaTeX/cover page.tex
LaTeX2e <2023-11-01> patch level 1
L3 programming layer <2024-05-08>
(C:\Program Files\MiKTeX\tex/latex/base\article.cls
Document Class: article 2023/05/17 v1.4n Standard LaTeX document class
(C:\Program Files\MiKTeX\tex/latex/base\size12.clo
File: size12.clo 2023/05/17 v1.4n Standard LaTeX file (size option)
)
\c@part=\count189
\c@section=\count190
\c@subsection=\count191
\c@subsubsection=\count192
\c@paragraph=\count193
\c@subparagraph=\count194
\c@figure=\count195
\c@table=\count196
\abovecaptionskip=\skip48
\belowcaptionskip=\skip49
\bibindent=\dimen140
) (C:\Program Files\MiKTeX\tex/latex/graphics\graphicx.sty
Package: graphicx 2021/09/16 v1.2d Enhanced LaTeX Graphics (DPC,SPQR)
 (C:\Program Files\MiKTeX\tex/latex/graphics\keyval.sty
Package: keyval 2022/05/29 v1.15 key=value parser (DPC)
\KV@toks@=\toks17
) (C:\Program Files\MiKTeX\tex/latex/graphics\graphics.sty
Package: graphics 2022/03/10 v1.4e Standard LaTeX Graphics (DPC,SPQR)
 (C:\Program Files\MiKTeX\tex/latex/graphics\trig.sty
Package: trig 2021/08/11 v1.11 sin cos tan (DPC)
) (C:\Program Files\MiKTeX\tex/latex/graphics-cfg\graphics.cfg
File: graphics.cfg 2016/06/04 v1.11 sample graphics configuration
)
Package graphics Info: Driver file: pdftex.def on input line 107.
 (C:\Program Files\MiKTeX\tex/latex/graphics-def\pdftex.def
File: pdftex.def 2024/04/13 v1.2c Graphics/color driver for pdftex
))
\Gin@req@height=\dimen141
\Gin@req@width=\dimen142
) (C:\Program Files\MiKTeX\tex/latex/base\inputenc.sty
Package: inputenc 2021/02/14 v1.3d Input encoding file
\inpenc@prehook=\toks18
\inpenc@posthook=\toks19
) (C:\Users\User\AppData\Roaming\MiKTeX\tex/latex/geometry\geometry.sty
Package: geometry 2020/01/02 v5.9 Page Geometry
 (C:\Program Files\MiKTeX\tex/generic/iftex\ifvtex.sty
Package: ifvtex 2019/10/25 v1.7 ifvtex legacy package. Use iftex instead.
 (C:\Program Files\MiKTeX\tex/generic/iftex\iftex.sty
Package: iftex 2022/02/03 v1.0f TeX engine tests
))
\Gm@cnth=\count197
\Gm@cntv=\count198
\c@Gm@tempcnt=\count199
\Gm@bindingoffset=\dimen143
\Gm@wd@mp=\dimen144
\Gm@odd@mp=\dimen145
\Gm@even@mp=\dimen146
\Gm@layoutwidth=\dimen147
\Gm@layoutheight=\dimen148
\Gm@layouthoffset=\dimen149
\Gm@layoutvoffset=\dimen150
\Gm@dimlist=\toks20
 (C:\Users\User\AppData\Roaming\MiKTeX\tex/latex/geometry\geometry.cfg)) (C:\Program Files\MiKTeX\tex/latex/pgf/frontendlayer\tikz.sty (C:\Program Files\MiKTeX\tex/latex/pgf/basiclayer\pgf.sty (C:\Program Files\MiKTeX\tex/latex/pgf/utilities\pgfrcs.sty (C:\Program Files\MiKTeX\tex/generic/pgf/utilities\pgfutil-common.tex
\pgfutil@everybye=\toks21
\pgfutil@tempdima=\dimen151
\pgfutil@tempdimb=\dimen152
) (C:\Program Files\MiKTeX\tex/generic/pgf/utilities\pgfutil-latex.def
\pgfutil@abb=\box51
) (C:\Program Files\MiKTeX\tex/generic/pgf/utilities\pgfrcs.code.tex (C:\Program Files\MiKTeX\tex/generic/pgf\pgf.revision.tex)
Package: pgfrcs 2023-01-15 v3.1.10 (3.1.10)
))
Package: pgf 2023-01-15 v3.1.10 (3.1.10)
 (C:\Program Files\MiKTeX\tex/latex/pgf/basiclayer\pgfcore.sty (C:\Program Files\MiKTeX\tex/latex/pgf/systemlayer\pgfsys.sty (C:\Program Files\MiKTeX\tex/generic/pgf/systemlayer\pgfsys.code.tex
Package: pgfsys 2023-01-15 v3.1.10 (3.1.10)
 (C:\Program Files\MiKTeX\tex/generic/pgf/utilities\pgfkeys.code.tex
\pgfkeys@pathtoks=\toks22
\pgfkeys@temptoks=\toks23
 (C:\Program Files\MiKTeX\tex/generic/pgf/utilities\pgfkeyslibraryfiltered.code.tex
\pgfkeys@tmptoks=\toks24
))
\pgf@x=\dimen153
\pgf@y=\dimen154
\pgf@xa=\dimen155
\pgf@ya=\dimen156
\pgf@xb=\dimen157
\pgf@yb=\dimen158
\pgf@xc=\dimen159
\pgf@yc=\dimen160
\pgf@xd=\dimen161
\pgf@yd=\dimen162
\w@pgf@writea=\write3
\r@pgf@reada=\read2
\c@pgf@counta=\count266
\c@pgf@countb=\count267
\c@pgf@countc=\count268
\c@pgf@countd=\count269
\t@pgf@toka=\toks25
\t@pgf@tokb=\toks26
\t@pgf@tokc=\toks27
\pgf@sys@id@count=\count270
 (C:\Program Files\MiKTeX\tex/generic/pgf/systemlayer\pgf.cfg
File: pgf.cfg 2023-01-15 v3.1.10 (3.1.10)
)
Driver file for pgf: pgfsys-pdftex.def
 (C:\Program Files\MiKTeX\tex/generic/pgf/systemlayer\pgfsys-pdftex.def
File: pgfsys-pdftex.def 2023-01-15 v3.1.10 (3.1.10)
 (C:\Program Files\MiKTeX\tex/generic/pgf/systemlayer\pgfsys-common-pdf.def
File: pgfsys-common-pdf.def 2023-01-15 v3.1.10 (3.1.10)
))) (C:\Program Files\MiKTeX\tex/generic/pgf/systemlayer\pgfsyssoftpath.code.tex
File: pgfsyssoftpath.code.tex 2023-01-15 v3.1.10 (3.1.10)
\pgfsyssoftpath@smallbuffer@items=\count271
\pgfsyssoftpath@bigbuffer@items=\count272
) (C:\Program Files\MiKTeX\tex/generic/pgf/systemlayer\pgfsysprotocol.code.tex
File: pgfsysprotocol.code.tex 2023-01-15 v3.1.10 (3.1.10)
)) (C:\Program Files\MiKTeX\tex/latex/xcolor\xcolor.sty
Package: xcolor 2023/11/15 v3.01 LaTeX color extensions (UK)
 (C:\Program Files\MiKTeX\tex/latex/graphics-cfg\color.cfg
File: color.cfg 2016/01/02 v1.6 sample color configuration
)
Package xcolor Info: Driver file: pdftex.def on input line 274.
 (C:\Program Files\MiKTeX\tex/latex/graphics\mathcolor.ltx)
Package xcolor Info: Model `cmy' substituted by `cmy0' on input line 1350.
Package xcolor Info: Model `hsb' substituted by `rgb' on input line 1354.
Package xcolor Info: Model `RGB' extended on input line 1366.
Package xcolor Info: Model `HTML' substituted by `rgb' on input line 1368.
Package xcolor Info: Model `Hsb' substituted by `hsb' on input line 1369.
Package xcolor Info: Model `tHsb' substituted by `hsb' on input line 1370.
Package xcolor Info: Model `HSB' substituted by `hsb' on input line 1371.
Package xcolor Info: Model `Gray' substituted by `gray' on input line 1372.
Package xcolor Info: Model `wave' substituted by `hsb' on input line 1373.
) (C:\Program Files\MiKTeX\tex/generic/pgf/basiclayer\pgfcore.code.tex
Package: pgfcore 2023-01-15 v3.1.10 (3.1.10)
 (C:\Program Files\MiKTeX\tex/generic/pgf/math\pgfmath.code.tex (C:\Program Files\MiKTeX\tex/generic/pgf/math\pgfmathutil.code.tex) (C:\Program Files\MiKTeX\tex/generic/pgf/math\pgfmathparser.code.tex
\pgfmath@dimen=\dimen163
\pgfmath@count=\count273
\pgfmath@box=\box52
\pgfmath@toks=\toks28
\pgfmath@stack@operand=\toks29
\pgfmath@stack@operation=\toks30
) (C:\Program Files\MiKTeX\tex/generic/pgf/math\pgfmathfunctions.code.tex) (C:\Program Files\MiKTeX\tex/generic/pgf/math\pgfmathfunctions.basic.code.tex) (C:\Program Files\MiKTeX\tex/generic/pgf/math\pgfmathfunctions.trigonometric.code.tex) (C:\Program Files\MiKTeX\tex/generic/pgf/math\pgfmathfunctions.random.code.tex) (C:\Program Files\MiKTeX\tex/generic/pgf/math\pgfmathfunctions.comparison.code.tex) (C:\Program Files\MiKTeX\tex/generic/pgf/math\pgfmathfunctions.base.code.tex) (C:\Program Files\MiKTeX\tex/generic/pgf/math\pgfmathfunctions.round.code.tex) (C:\Program Files\MiKTeX\tex/generic/pgf/math\pgfmathfunctions.misc.code.tex) (C:\Program Files\MiKTeX\tex/generic/pgf/math\pgfmathfunctions.integerarithmetics.code.tex) (C:\Program Files\MiKTeX\tex/generic/pgf/math\pgfmathcalc.code.tex) (C:\Program Files\MiKTeX\tex/generic/pgf/math\pgfmathfloat.code.tex
\c@pgfmathroundto@lastzeros=\count274
)) (C:\Program Files\MiKTeX\tex/generic/pgf/math\pgfint.code.tex) (C:\Program Files\MiKTeX\tex/generic/pgf/basiclayer\pgfcorepoints.code.tex
File: pgfcorepoints.code.tex 2023-01-15 v3.1.10 (3.1.10)
\pgf@picminx=\dimen164
\pgf@picmaxx=\dimen165
\pgf@picminy=\dimen166
\pgf@picmaxy=\dimen167
\pgf@pathminx=\dimen168
\pgf@pathmaxx=\dimen169
\pgf@pathminy=\dimen170
\pgf@pathmaxy=\dimen171
\pgf@xx=\dimen172
\pgf@xy=\dimen173
\pgf@yx=\dimen174
\pgf@yy=\dimen175
\pgf@zx=\dimen176
\pgf@zy=\dimen177
) (C:\Program Files\MiKTeX\tex/generic/pgf/basiclayer\pgfcorepathconstruct.code.tex
File: pgfcorepathconstruct.code.tex 2023-01-15 v3.1.10 (3.1.10)
\pgf@path@lastx=\dimen178
\pgf@path@lasty=\dimen179
) (C:\Program Files\MiKTeX\tex/generic/pgf/basiclayer\pgfcorepathusage.code.tex
File: pgfcorepathusage.code.tex 2023-01-15 v3.1.10 (3.1.10)
\pgf@shorten@end@additional=\dimen180
\pgf@shorten@start@additional=\dimen181
) (C:\Program Files\MiKTeX\tex/generic/pgf/basiclayer\pgfcorescopes.code.tex
File: pgfcorescopes.code.tex 2023-01-15 v3.1.10 (3.1.10)
\pgfpic=\box53
\pgf@hbox=\box54
\pgf@layerbox@main=\box55
\pgf@picture@serial@count=\count275
) (C:\Program Files\MiKTeX\tex/generic/pgf/basiclayer\pgfcoregraphicstate.code.tex
File: pgfcoregraphicstate.code.tex 2023-01-15 v3.1.10 (3.1.10)
\pgflinewidth=\dimen182
) (C:\Program Files\MiKTeX\tex/generic/pgf/basiclayer\pgfcoretransformations.code.tex
File: pgfcoretransformations.code.tex 2023-01-15 v3.1.10 (3.1.10)
\pgf@pt@x=\dimen183
\pgf@pt@y=\dimen184
\pgf@pt@temp=\dimen185
) (C:\Program Files\MiKTeX\tex/generic/pgf/basiclayer\pgfcorequick.code.tex
File: pgfcorequick.code.tex 2023-01-15 v3.1.10 (3.1.10)
) (C:\Program Files\MiKTeX\tex/generic/pgf/basiclayer\pgfcoreobjects.code.tex
File: pgfcoreobjects.code.tex 2023-01-15 v3.1.10 (3.1.10)
) (C:\Program Files\MiKTeX\tex/generic/pgf/basiclayer\pgfcorepathprocessing.code.tex
File: pgfcorepathprocessing.code.tex 2023-01-15 v3.1.10 (3.1.10)
) (C:\Program Files\MiKTeX\tex/generic/pgf/basiclayer\pgfcorearrows.code.tex
File: pgfcorearrows.code.tex 2023-01-15 v3.1.10 (3.1.10)
\pgfarrowsep=\dimen186
) (C:\Program Files\MiKTeX\tex/generic/pgf/basiclayer\pgfcoreshade.code.tex
File: pgfcoreshade.code.tex 2023-01-15 v3.1.10 (3.1.10)
\pgf@max=\dimen187
\pgf@sys@shading@range@num=\count276
\pgf@shadingcount=\count277
) (C:\Program Files\MiKTeX\tex/generic/pgf/basiclayer\pgfcoreimage.code.tex
File: pgfcoreimage.code.tex 2023-01-15 v3.1.10 (3.1.10)
) (C:\Program Files\MiKTeX\tex/generic/pgf/basiclayer\pgfcoreexternal.code.tex
File: pgfcoreexternal.code.tex 2023-01-15 v3.1.10 (3.1.10)
\pgfexternal@startupbox=\box56
) (C:\Program Files\MiKTeX\tex/generic/pgf/basiclayer\pgfcorelayers.code.tex
File: pgfcorelayers.code.tex 2023-01-15 v3.1.10 (3.1.10)
) (C:\Program Files\MiKTeX\tex/generic/pgf/basiclayer\pgfcoretransparency.code.tex
File: pgfcoretransparency.code.tex 2023-01-15 v3.1.10 (3.1.10)
) (C:\Program Files\MiKTeX\tex/generic/pgf/basiclayer\pgfcorepatterns.code.tex
File: pgfcorepatterns.code.tex 2023-01-15 v3.1.10 (3.1.10)
) (C:\Program Files\MiKTeX\tex/generic/pgf/basiclayer\pgfcorerdf.code.tex
File: pgfcorerdf.code.tex 2023-01-15 v3.1.10 (3.1.10)
))) (C:\Program Files\MiKTeX\tex/generic/pgf/modules\pgfmoduleshapes.code.tex
File: pgfmoduleshapes.code.tex 2023-01-15 v3.1.10 (3.1.10)
\pgfnodeparttextbox=\box57
) (C:\Program Files\MiKTeX\tex/generic/pgf/modules\pgfmoduleplot.code.tex
File: pgfmoduleplot.code.tex 2023-01-15 v3.1.10 (3.1.10)
) (C:\Program Files\MiKTeX\tex/latex/pgf/compatibility\pgfcomp-version-0-65.sty
Package: pgfcomp-version-0-65 2023-01-15 v3.1.10 (3.1.10)
\pgf@nodesepstart=\dimen188
\pgf@nodesepend=\dimen189
) (C:\Program Files\MiKTeX\tex/latex/pgf/compatibility\pgfcomp-version-1-18.sty
Package: pgfcomp-version-1-18 2023-01-15 v3.1.10 (3.1.10)
)) (C:\Program Files\MiKTeX\tex/latex/pgf/utilities\pgffor.sty (C:\Program Files\MiKTeX\tex/latex/pgf/utilities\pgfkeys.sty (C:\Program Files\MiKTeX\tex/generic/pgf/utilities\pgfkeys.code.tex)) (C:\Program Files\MiKTeX\tex/latex/pgf/math\pgfmath.sty (C:\Program Files\MiKTeX\tex/generic/pgf/math\pgfmath.code.tex)) (C:\Program Files\MiKTeX\tex/generic/pgf/utilities\pgffor.code.tex
Package: pgffor 2023-01-15 v3.1.10 (3.1.10)
\pgffor@iter=\dimen190
\pgffor@skip=\dimen191
\pgffor@stack=\toks31
\pgffor@toks=\toks32
)) (C:\Program Files\MiKTeX\tex/generic/pgf/frontendlayer/tikz\tikz.code.tex
Package: tikz 2023-01-15 v3.1.10 (3.1.10)
 (C:\Program Files\MiKTeX\tex/generic/pgf/libraries\pgflibraryplothandlers.code.tex
File: pgflibraryplothandlers.code.tex 2023-01-15 v3.1.10 (3.1.10)
\pgf@plot@mark@count=\count278
\pgfplotmarksize=\dimen192
)
\tikz@lastx=\dimen193
\tikz@lasty=\dimen194
\tikz@lastxsaved=\dimen195
\tikz@lastysaved=\dimen196
\tikz@lastmovetox=\dimen197
\tikz@lastmovetoy=\dimen198
\tikzleveldistance=\dimen199
\tikzsiblingdistance=\dimen256
\tikz@figbox=\box58
\tikz@figbox@bg=\box59
\tikz@tempbox=\box60
\tikz@tempbox@bg=\box61
\tikztreelevel=\count279
\tikznumberofchildren=\count280
\tikznumberofcurrentchild=\count281
\tikz@fig@count=\count282
 (C:\Program Files\MiKTeX\tex/generic/pgf/modules\pgfmodulematrix.code.tex
File: pgfmodulematrix.code.tex 2023-01-15 v3.1.10 (3.1.10)
\pgfmatrixcurrentrow=\count283
\pgfmatrixcurrentcolumn=\count284
\pgf@matrix@numberofcolumns=\count285
)
\tikz@expandcount=\count286
 (C:\Program Files\MiKTeX\tex/generic/pgf/frontendlayer/tikz/libraries\tikzlibrarytopaths.code.tex
File: tikzlibrarytopaths.code.tex 2023-01-15 v3.1.10 (3.1.10)
))) (C:\Program Files\MiKTeX\tex/latex/listings\listings.sty
\lst@mode=\count287
\lst@gtempboxa=\box62
\lst@token=\toks33
\lst@length=\count288
\lst@currlwidth=\dimen257
\lst@column=\count289
\lst@pos=\count290
\lst@lostspace=\dimen258
\lst@width=\dimen259
\lst@newlines=\count291
\lst@lineno=\count292
\lst@maxwidth=\dimen260
 (C:\Program Files\MiKTeX\tex/latex/listings\lstpatch.sty
File: lstpatch.sty 2024/05/25 1.10b (Carsten Heinz)
) (C:\Program Files\MiKTeX\tex/latex/listings\lstmisc.sty
File: lstmisc.sty 2024/05/25 1.10b (Carsten Heinz)
\c@lstnumber=\count293
\lst@skipnumbers=\count294
\lst@framebox=\box63
) (C:\Program Files\MiKTeX\tex/latex/listings\listings.cfg
File: listings.cfg 2024/05/25 1.10b listings configuration
))
Package: listings 2024/05/25 1.10b (Carsten Heinz)
 (C:\Users\User\AppData\Roaming\MiKTeX\tex/latex/pdfpages\pdfpages.sty
Package: pdfpages 2024/05/29 v0.6a Insert pages of external PDF documents (AM)
 (C:\Program Files\MiKTeX\tex/latex/base\ifthen.sty
Package: ifthen 2022/04/13 v1.1d Standard LaTeX ifthen package (DPC)
) (C:\Program Files\MiKTeX\tex/latex/tools\calc.sty
Package: calc 2023/07/08 v4.3 Infix arithmetic (KKT,FJ)
\calc@Acount=\count295
\calc@Bcount=\count296
\calc@Adimen=\dimen261
\calc@Bdimen=\dimen262
\calc@Askip=\skip50
\calc@Bskip=\skip51
LaTeX Info: Redefining \setlength on input line 80.
LaTeX Info: Redefining \addtolength on input line 81.
\calc@Ccount=\count297
\calc@Cskip=\skip52
) (C:\Users\User\AppData\Roaming\MiKTeX\tex/latex/eso-pic\eso-pic.sty
Package: eso-pic 2023/05/03 v3.0c eso-pic (RN)
\ESO@tempdima=\dimen263
\ESO@tempdimb=\dimen264
)
\AM@pagewidth=\dimen265
\AM@pageheight=\dimen266
\AM@fboxrule=\dimen267
 (C:\Users\User\AppData\Roaming\MiKTeX\tex/latex/pdfpages\pppdftex.def
File: pppdftex.def 2024/05/29 v0.6a Pdfpages driver for pdfTeX (AM)
)
\pdfpages@includegraphics@status=\count298
\AM@pagebox=\box64
\AM@global@opts=\toks34
\AM@pagecnt=\count299
\AM@toc@title=\toks35
\AM@lof@heading=\toks36
\c@AM@survey=\count300
\AM@templatesizebox=\box65
) (C:\Users\User\AppData\Roaming\MiKTeX\tex/latex/caption\caption.sty
Package: caption 2023/08/05 v3.6o Customizing captions (AR)
 (C:\Users\User\AppData\Roaming\MiKTeX\tex/latex/caption\caption3.sty
Package: caption3 2023/07/31 v2.4d caption3 kernel (AR)
\caption@tempdima=\dimen268
\captionmargin=\dimen269
\caption@leftmargin=\dimen270
\caption@rightmargin=\dimen271
\caption@width=\dimen272
\caption@indent=\dimen273
\caption@parindent=\dimen274
\caption@hangindent=\dimen275
Package caption Info: Standard document class detected.
)
\c@caption@flags=\count301
\c@continuedfloat=\count302
Package caption Info: listings package is loaded.
) (C:\Users\User\AppData\Roaming\MiKTeX\tex/latex/caption\subcaption.sty
Package: subcaption 2023/07/28 v1.6b Sub-captions (AR)
Package caption Info: New subtype `subfigure' on input line 238.
\c@subfigure=\count303
Package caption Info: New subtype `subtable' on input line 238.
\c@subtable=\count304
) (C:\Program Files\MiKTeX\tex/latex/l3backend\l3backend-pdftex.def
File: l3backend-pdftex.def 2024-05-08 L3 backend support: PDF output (pdfTeX)
\l__color_backend_stack_int=\count305
\l__pdf_internal_box=\box66
) (cover page.aux)
\openout1 = `"cover page.aux"'.

LaTeX Font Info:    Checking defaults for OML/cmm/m/it on input line 30.
LaTeX Font Info:    ... okay on input line 30.
LaTeX Font Info:    Checking defaults for OMS/cmsy/m/n on input line 30.
LaTeX Font Info:    ... okay on input line 30.
LaTeX Font Info:    Checking defaults for OT1/cmr/m/n on input line 30.
LaTeX Font Info:    ... okay on input line 30.
LaTeX Font Info:    Checking defaults for T1/cmr/m/n on input line 30.
LaTeX Font Info:    ... okay on input line 30.
LaTeX Font Info:    Checking defaults for TS1/cmr/m/n on input line 30.
LaTeX Font Info:    ... okay on input line 30.
LaTeX Font Info:    Checking defaults for OMX/cmex/m/n on input line 30.
LaTeX Font Info:    ... okay on input line 30.
LaTeX Font Info:    Checking defaults for U/cmr/m/n on input line 30.
LaTeX Font Info:    ... okay on input line 30.
 (C:\Program Files\MiKTeX\tex/context/base/mkii\supp-pdf.mkii
[Loading MPS to PDF converter (version 2006.09.02).]
\scratchcounter=\count306
\scratchdimen=\dimen276
\scratchbox=\box67
\nofMPsegments=\count307
\nofMParguments=\count308
\everyMPshowfont=\toks37
\MPscratchCnt=\count309
\MPscratchDim=\dimen277
\MPnumerator=\count310
\makeMPintoPDFobject=\count311
\everyMPtoPDFconversion=\toks38
) (C:\Program Files\MiKTeX\tex/latex/epstopdf-pkg\epstopdf-base.sty
Package: epstopdf-base 2020-01-24 v2.11 Base part for package epstopdf
Package epstopdf-base Info: Redefining graphics rule for `.eps' on input line 485.
 (C:\Program Files\MiKTeX\tex/latex/00miktex\epstopdf-sys.cfg
File: epstopdf-sys.cfg 2021/03/18 v2.0 Configuration of epstopdf for MiKTeX
))
*geometry* driver: auto-detecting
*geometry* detected driver: pdftex
*geometry* verbose mode - [ preamble ] result:
* driver: pdftex
* paper: a4paper
* layout: <same size as paper>
* layoutoffset:(h,v)=(0.0pt,0.0pt)
* modes: 
* h-part:(L,W,R)=(89.62709pt, 418.25368pt, 89.6271pt)
* v-part:(T,H,B)=(101.40665pt, 591.5302pt, 152.11pt)
* \paperwidth=597.50787pt
* \paperheight=845.04684pt
* \textwidth=418.25368pt
* \textheight=591.5302pt
* \oddsidemargin=17.3571pt
* \evensidemargin=17.3571pt
* \topmargin=-7.86334pt
* \headheight=12.0pt
* \headsep=25.0pt
* \topskip=12.0pt
* \footskip=30.0pt
* \marginparwidth=35.0pt
* \marginparsep=10.0pt
* \columnsep=10.0pt
* \skip\footins=10.8pt plus 4.0pt minus 2.0pt
* \hoffset=0.0pt
* \voffset=0.0pt
* \mag=1000
* \@twocolumnfalse
* \@twosidefalse
* \@mparswitchfalse
* \@reversemarginfalse
* (1in=72.27pt=25.4mm, 1cm=28.453pt)

\c@lstlisting=\count312
(C:\Users\User\AppData\Roaming\MiKTeX\tex/latex/pdflscape\pdflscape.sty
Package: pdflscape 2022-10-27 v0.13 Display of landscape pages in PDF
 (C:\Users\User\AppData\Roaming\MiKTeX\tex/latex/pdflscape\pdflscape-nometadata.sty
Package: pdflscape-nometadata 2022-10-28 v0.13 Display of landscape pages in PDF (HO)
 (C:\Program Files\MiKTeX\tex/latex/graphics\lscape.sty
Package: lscape 2020/05/28 v3.02 Landscape Pages (DPC)
)
Package pdflscape Info: Auto-detected driver: pdftex on input line 81.
))
Package caption Info: Begin \AtBeginDocument code.
Package caption Info: End \AtBeginDocument code.
<rub.png, id=4, 451.6875pt x 451.6875pt>
File: rub.png Graphic file (type png)
<use rub.png>
Package pdftex.def Info: rub.png  used on input line 41.
(pdftex.def)             Requested size: 104.56342pt x 104.56137pt.
 [1

{C:/Users/User/AppData/Local/MiKTeX/fonts/map/pdftex/pdftex.map} <./rub.png>] [1

]

pdfTeX warning: pdflatex (file ../newmark_julia.pdf): PDF inclusion: found PDF version <1.7>, but at most version <1.5> allowed
<../newmark_julia.pdf, id=18, 614.295pt x 794.97pt>
File: ../newmark_julia.pdf Graphic file (type pdf)
<use ../newmark_julia.pdf>
Package pdftex.def Info: ../newmark_julia.pdf  used on input line 67.
(pdftex.def)             Requested size: 614.29349pt x 794.96806pt.


pdfTeX warning: pdflatex (file ../newmark_julia.pdf): PDF inclusion: found PDF version <1.7>, but at most version <1.5> allowed
File: ../newmark_julia.pdf Graphic file (type pdf)
<use ../newmark_julia.pdf>
Package pdftex.def Info: ../newmark_julia.pdf  used on input line 67.
(pdftex.def)             Requested size: 614.29349pt x 794.96806pt.


pdfTeX warning: pdflatex (file ../newmark_julia.pdf): PDF inclusion: found PDF version <1.7>, but at most version <1.5> allowed


pdfTeX warning: pdflatex (file ../newmark_julia.pdf): PDF inclusion: found PDF version <1.7>, but at most version <1.5> allowed
<../newmark_julia.pdf, id=21, page=1, 614.295pt x 794.97pt>
File: ../newmark_julia.pdf Graphic file (type pdf)
<use ../newmark_julia.pdf, page 1>
Package pdftex.def Info: ../newmark_julia.pdf , page1 used on input line 67.
(pdftex.def)             Requested size: 614.29349pt x 794.96806pt.
File: ../newmark_julia.pdf Graphic file (type pdf)
<use ../newmark_julia.pdf, page 1>
Package pdftex.def Info: ../newmark_julia.pdf , page1 used on input line 67.
(pdftex.def)             Requested size: 597.78697pt x 773.60669pt.
File: ../newmark_julia.pdf Graphic file (type pdf)
<use ../newmark_julia.pdf, page 1>
Package pdftex.def Info: ../newmark_julia.pdf , page1 used on input line 67.
(pdftex.def)             Requested size: 597.78697pt x 773.60669pt.
File: ../newmark_julia.pdf Graphic file (type pdf)
<use ../newmark_julia.pdf, page 1>
Package pdftex.def Info: ../newmark_julia.pdf , page1 used on input line 67.
(pdftex.def)             Requested size: 597.78697pt x 773.60669pt.
File: ../newmark_julia.pdf Graphic file (type pdf)
<use ../newmark_julia.pdf, page 1>
Package pdftex.def Info: ../newmark_julia.pdf , page1 used on input line 67.
(pdftex.def)             Requested size: 597.78697pt x 773.60669pt.
[2


 <../newmark_julia.pdf>]

pdfTeX warning: pdflatex (file ../newmark_julia.pdf): PDF inclusion: found PDF version <1.7>, but at most version <1.5> allowed
<../newmark_julia.pdf, id=34, page=2, 614.295pt x 794.97pt>
File: ../newmark_julia.pdf Graphic file (type pdf)
<use ../newmark_julia.pdf, page 2>
Package pdftex.def Info: ../newmark_julia.pdf , page2 used on input line 67.
(pdftex.def)             Requested size: 597.78697pt x 773.60669pt.
File: ../newmark_julia.pdf Graphic file (type pdf)
<use ../newmark_julia.pdf, page 2>
Package pdftex.def Info: ../newmark_julia.pdf , page2 used on input line 67.
(pdftex.def)             Requested size: 597.78697pt x 773.60669pt.
File: ../newmark_julia.pdf Graphic file (type pdf)
<use ../newmark_julia.pdf, page 2>
Package pdftex.def Info: ../newmark_julia.pdf , page2 used on input line 67.
(pdftex.def)             Requested size: 597.78697pt x 773.60669pt.
[3

 <../newmark_julia.pdf>]

pdfTeX warning: pdflatex (file ../newmark_julia.pdf): PDF inclusion: found PDF version <1.7>, but at most version <1.5> allowed
<../newmark_julia.pdf, id=87, page=3, 614.295pt x 794.97pt>
File: ../newmark_julia.pdf Graphic file (type pdf)
<use ../newmark_julia.pdf, page 3>
Package pdftex.def Info: ../newmark_julia.pdf , page3 used on input line 67.
(pdftex.def)             Requested size: 597.78697pt x 773.60669pt.
File: ../newmark_julia.pdf Graphic file (type pdf)
<use ../newmark_julia.pdf, page 3>
Package pdftex.def Info: ../newmark_julia.pdf , page3 used on input line 67.
(pdftex.def)             Requested size: 597.78697pt x 773.60669pt.
File: ../newmark_julia.pdf Graphic file (type pdf)
<use ../newmark_julia.pdf, page 3>
Package pdftex.def Info: ../newmark_julia.pdf , page3 used on input line 67.
(pdftex.def)             Requested size: 597.78697pt x 773.60669pt.
[4

 <../newmark_julia.pdf>]

pdfTeX warning: pdflatex (file ../newmark_julia.pdf): PDF inclusion: found PDF version <1.7>, but at most version <1.5> allowed
<../newmark_julia.pdf, id=96, page=4, 614.295pt x 794.97pt>
File: ../newmark_julia.pdf Graphic file (type pdf)
<use ../newmark_julia.pdf, page 4>
Package pdftex.def Info: ../newmark_julia.pdf , page4 used on input line 67.
(pdftex.def)             Requested size: 597.78697pt x 773.60669pt.
File: ../newmark_julia.pdf Graphic file (type pdf)
<use ../newmark_julia.pdf, page 4>
Package pdftex.def Info: ../newmark_julia.pdf , page4 used on input line 67.
(pdftex.def)             Requested size: 597.78697pt x 773.60669pt.
File: ../newmark_julia.pdf Graphic file (type pdf)
<use ../newmark_julia.pdf, page 4>
Package pdftex.def Info: ../newmark_julia.pdf , page4 used on input line 67.
(pdftex.def)             Requested size: 597.78697pt x 773.60669pt.
[5

 <../newmark_julia.pdf>]

pdfTeX warning: pdflatex (file ../newmark_julia.pdf): PDF inclusion: found PDF version <1.7>, but at most version <1.5> allowed
<../newmark_julia.pdf, id=113, page=5, 614.295pt x 794.97pt>
File: ../newmark_julia.pdf Graphic file (type pdf)
<use ../newmark_julia.pdf, page 5>
Package pdftex.def Info: ../newmark_julia.pdf , page5 used on input line 67.
(pdftex.def)             Requested size: 597.78697pt x 773.60669pt.
File: ../newmark_julia.pdf Graphic file (type pdf)
<use ../newmark_julia.pdf, page 5>
Package pdftex.def Info: ../newmark_julia.pdf , page5 used on input line 67.
(pdftex.def)             Requested size: 597.78697pt x 773.60669pt.
File: ../newmark_julia.pdf Graphic file (type pdf)
<use ../newmark_julia.pdf, page 5>
Package pdftex.def Info: ../newmark_julia.pdf , page5 used on input line 67.
(pdftex.def)             Requested size: 597.78697pt x 773.60669pt.
[6

 <../newmark_julia.pdf>]

pdfTeX warning: pdflatex (file ../newmark_julia.pdf): PDF inclusion: found PDF version <1.7>, but at most version <1.5> allowed
<../newmark_julia.pdf, id=129, page=6, 614.295pt x 794.97pt>
File: ../newmark_julia.pdf Graphic file (type pdf)
<use ../newmark_julia.pdf, page 6>
Package pdftex.def Info: ../newmark_julia.pdf , page6 used on input line 67.
(pdftex.def)             Requested size: 597.78697pt x 773.60669pt.
File: ../newmark_julia.pdf Graphic file (type pdf)
<use ../newmark_julia.pdf, page 6>
Package pdftex.def Info: ../newmark_julia.pdf , page6 used on input line 67.
(pdftex.def)             Requested size: 597.78697pt x 773.60669pt.
File: ../newmark_julia.pdf Graphic file (type pdf)
<use ../newmark_julia.pdf, page 6>
Package pdftex.def Info: ../newmark_julia.pdf , page6 used on input line 67.
(pdftex.def)             Requested size: 597.78697pt x 773.60669pt.
[7

 <../newmark_julia.pdf>]

pdfTeX warning: pdflatex (file ../newmark_julia.pdf): PDF inclusion: found PDF version <1.7>, but at most version <1.5> allowed
<../newmark_julia.pdf, id=273, page=7, 614.295pt x 794.97pt>
File: ../newmark_julia.pdf Graphic file (type pdf)
<use ../newmark_julia.pdf, page 7>
Package pdftex.def Info: ../newmark_julia.pdf , page7 used on input line 67.
(pdftex.def)             Requested size: 597.78697pt x 773.60669pt.
File: ../newmark_julia.pdf Graphic file (type pdf)
<use ../newmark_julia.pdf, page 7>
Package pdftex.def Info: ../newmark_julia.pdf , page7 used on input line 67.
(pdftex.def)             Requested size: 597.78697pt x 773.60669pt.
File: ../newmark_julia.pdf Graphic file (type pdf)
<use ../newmark_julia.pdf, page 7>
Package pdftex.def Info: ../newmark_julia.pdf , page7 used on input line 67.
(pdftex.def)             Requested size: 597.78697pt x 773.60669pt.
[8

 <../newmark_julia.pdf>]

pdfTeX warning: pdflatex (file ../newmark_julia.pdf): PDF inclusion: found PDF version <1.7>, but at most version <1.5> allowed
<../newmark_julia.pdf, id=420, page=8, 614.295pt x 794.97pt>
File: ../newmark_julia.pdf Graphic file (type pdf)
<use ../newmark_julia.pdf, page 8>
Package pdftex.def Info: ../newmark_julia.pdf , page8 used on input line 67.
(pdftex.def)             Requested size: 597.78697pt x 773.60669pt.
File: ../newmark_julia.pdf Graphic file (type pdf)
<use ../newmark_julia.pdf, page 8>
Package pdftex.def Info: ../newmark_julia.pdf , page8 used on input line 67.
(pdftex.def)             Requested size: 597.78697pt x 773.60669pt.
File: ../newmark_julia.pdf Graphic file (type pdf)
<use ../newmark_julia.pdf, page 8>
Package pdftex.def Info: ../newmark_julia.pdf , page8 used on input line 67.
(pdftex.def)             Requested size: 597.78697pt x 773.60669pt.
[9

 <../newmark_julia.pdf>]

pdfTeX warning: pdflatex (file ../newmark_julia.pdf): PDF inclusion: found PDF version <1.7>, but at most version <1.5> allowed
<../newmark_julia.pdf, id=606, page=9, 614.295pt x 794.97pt>
File: ../newmark_julia.pdf Graphic file (type pdf)
<use ../newmark_julia.pdf, page 9>
Package pdftex.def Info: ../newmark_julia.pdf , page9 used on input line 67.
(pdftex.def)             Requested size: 597.78697pt x 773.60669pt.
File: ../newmark_julia.pdf Graphic file (type pdf)
<use ../newmark_julia.pdf, page 9>
Package pdftex.def Info: ../newmark_julia.pdf , page9 used on input line 67.
(pdftex.def)             Requested size: 597.78697pt x 773.60669pt.
File: ../newmark_julia.pdf Graphic file (type pdf)
<use ../newmark_julia.pdf, page 9>
Package pdftex.def Info: ../newmark_julia.pdf , page9 used on input line 67.
(pdftex.def)             Requested size: 597.78697pt x 773.60669pt.
[10

 <../newmark_julia.pdf>]

pdfTeX warning: pdflatex (file ../newmark_julia.pdf): PDF inclusion: found PDF version <1.7>, but at most version <1.5> allowed
<../newmark_julia.pdf, id=625, page=10, 614.295pt x 794.97pt>
File: ../newmark_julia.pdf Graphic file (type pdf)
<use ../newmark_julia.pdf, page 10>
Package pdftex.def Info: ../newmark_julia.pdf , page10 used on input line 67.
(pdftex.def)             Requested size: 597.78697pt x 773.60669pt.
File: ../newmark_julia.pdf Graphic file (type pdf)
<use ../newmark_julia.pdf, page 10>
Package pdftex.def Info: ../newmark_julia.pdf , page10 used on input line 67.
(pdftex.def)             Requested size: 597.78697pt x 773.60669pt.
File: ../newmark_julia.pdf Graphic file (type pdf)
<use ../newmark_julia.pdf, page 10>
Package pdftex.def Info: ../newmark_julia.pdf , page10 used on input line 67.
(pdftex.def)             Requested size: 597.78697pt x 773.60669pt.
[11

 <../newmark_julia.pdf>]

pdfTeX warning: pdflatex (file ../newmark_julia.pdf): PDF inclusion: found PDF version <1.7>, but at most version <1.5> allowed
<../newmark_julia.pdf, id=641, page=11, 614.295pt x 794.97pt>
File: ../newmark_julia.pdf Graphic file (type pdf)
<use ../newmark_julia.pdf, page 11>
Package pdftex.def Info: ../newmark_julia.pdf , page11 used on input line 67.
(pdftex.def)             Requested size: 597.78697pt x 773.60669pt.
File: ../newmark_julia.pdf Graphic file (type pdf)
<use ../newmark_julia.pdf, page 11>
Package pdftex.def Info: ../newmark_julia.pdf , page11 used on input line 67.
(pdftex.def)             Requested size: 597.78697pt x 773.60669pt.
File: ../newmark_julia.pdf Graphic file (type pdf)
<use ../newmark_julia.pdf, page 11>
Package pdftex.def Info: ../newmark_julia.pdf , page11 used on input line 67.
(pdftex.def)             Requested size: 597.78697pt x 773.60669pt.
[12

 <../newmark_julia.pdf>]

pdfTeX warning: pdflatex (file ../newmark_julia.pdf): PDF inclusion: found PDF version <1.7>, but at most version <1.5> allowed
<../newmark_julia.pdf, id=741, page=12, 614.295pt x 794.97pt>
File: ../newmark_julia.pdf Graphic file (type pdf)
<use ../newmark_julia.pdf, page 12>
Package pdftex.def Info: ../newmark_julia.pdf , page12 used on input line 67.
(pdftex.def)             Requested size: 597.78697pt x 773.60669pt.
File: ../newmark_julia.pdf Graphic file (type pdf)
<use ../newmark_julia.pdf, page 12>
Package pdftex.def Info: ../newmark_julia.pdf , page12 used on input line 67.
(pdftex.def)             Requested size: 597.78697pt x 773.60669pt.
File: ../newmark_julia.pdf Graphic file (type pdf)
<use ../newmark_julia.pdf, page 12>
Package pdftex.def Info: ../newmark_julia.pdf , page12 used on input line 67.
(pdftex.def)             Requested size: 597.78697pt x 773.60669pt.
[13

 <../newmark_julia.pdf>]

pdfTeX warning: pdflatex (file ../newmark_julia.pdf): PDF inclusion: found PDF version <1.7>, but at most version <1.5> allowed
<../newmark_julia.pdf, id=785, page=13, 614.295pt x 794.97pt>
File: ../newmark_julia.pdf Graphic file (type pdf)
<use ../newmark_julia.pdf, page 13>
Package pdftex.def Info: ../newmark_julia.pdf , page13 used on input line 67.
(pdftex.def)             Requested size: 597.78697pt x 773.60669pt.
File: ../newmark_julia.pdf Graphic file (type pdf)
<use ../newmark_julia.pdf, page 13>
Package pdftex.def Info: ../newmark_julia.pdf , page13 used on input line 67.
(pdftex.def)             Requested size: 597.78697pt x 773.60669pt.
File: ../newmark_julia.pdf Graphic file (type pdf)
<use ../newmark_julia.pdf, page 13>
Package pdftex.def Info: ../newmark_julia.pdf , page13 used on input line 67.
(pdftex.def)             Requested size: 597.78697pt x 773.60669pt.
[14

 <../newmark_julia.pdf>]

pdfTeX warning: pdflatex (file ../newmark_julia.pdf): PDF inclusion: found PDF version <1.7>, but at most version <1.5> allowed
<../newmark_julia.pdf, id=798, page=14, 614.295pt x 794.97pt>
File: ../newmark_julia.pdf Graphic file (type pdf)
<use ../newmark_julia.pdf, page 14>
Package pdftex.def Info: ../newmark_julia.pdf , page14 used on input line 67.
(pdftex.def)             Requested size: 597.78697pt x 773.60669pt.
File: ../newmark_julia.pdf Graphic file (type pdf)
<use ../newmark_julia.pdf, page 14>
Package pdftex.def Info: ../newmark_julia.pdf , page14 used on input line 67.
(pdftex.def)             Requested size: 597.78697pt x 773.60669pt.
File: ../newmark_julia.pdf Graphic file (type pdf)
<use ../newmark_julia.pdf, page 14>
Package pdftex.def Info: ../newmark_julia.pdf , page14 used on input line 67.
(pdftex.def)             Requested size: 597.78697pt x 773.60669pt.
[15

 <../newmark_julia.pdf>]

pdfTeX warning: pdflatex (file ../newmark_julia.pdf): PDF inclusion: found PDF version <1.7>, but at most version <1.5> allowed
<../newmark_julia.pdf, id=808, page=15, 614.295pt x 794.97pt>
File: ../newmark_julia.pdf Graphic file (type pdf)
<use ../newmark_julia.pdf, page 15>
Package pdftex.def Info: ../newmark_julia.pdf , page15 used on input line 67.
(pdftex.def)             Requested size: 597.78697pt x 773.60669pt.
File: ../newmark_julia.pdf Graphic file (type pdf)
<use ../newmark_julia.pdf, page 15>
Package pdftex.def Info: ../newmark_julia.pdf , page15 used on input line 67.
(pdftex.def)             Requested size: 597.78697pt x 773.60669pt.
File: ../newmark_julia.pdf Graphic file (type pdf)
<use ../newmark_julia.pdf, page 15>
Package pdftex.def Info: ../newmark_julia.pdf , page15 used on input line 67.
(pdftex.def)             Requested size: 597.78697pt x 773.60669pt.
[16

 <../newmark_julia.pdf>]

pdfTeX warning: pdflatex (file ../newmark_julia.pdf): PDF inclusion: found PDF version <1.7>, but at most version <1.5> allowed
<../newmark_julia.pdf, id=814, page=16, 614.295pt x 794.97pt>
File: ../newmark_julia.pdf Graphic file (type pdf)
<use ../newmark_julia.pdf, page 16>
Package pdftex.def Info: ../newmark_julia.pdf , page16 used on input line 67.
(pdftex.def)             Requested size: 597.78697pt x 773.60669pt.
File: ../newmark_julia.pdf Graphic file (type pdf)
<use ../newmark_julia.pdf, page 16>
Package pdftex.def Info: ../newmark_julia.pdf , page16 used on input line 67.
(pdftex.def)             Requested size: 597.78697pt x 773.60669pt.
File: ../newmark_julia.pdf Graphic file (type pdf)
<use ../newmark_julia.pdf, page 16>
Package pdftex.def Info: ../newmark_julia.pdf , page16 used on input line 67.
(pdftex.def)             Requested size: 597.78697pt x 773.60669pt.
[17

 <../newmark_julia.pdf>]

pdfTeX warning: pdflatex (file ../newmark_julia.pdf): PDF inclusion: found PDF version <1.7>, but at most version <1.5> allowed
<../newmark_julia.pdf, id=828, page=17, 614.295pt x 794.97pt>
File: ../newmark_julia.pdf Graphic file (type pdf)
<use ../newmark_julia.pdf, page 17>
Package pdftex.def Info: ../newmark_julia.pdf , page17 used on input line 67.
(pdftex.def)             Requested size: 597.78697pt x 773.60669pt.
File: ../newmark_julia.pdf Graphic file (type pdf)
<use ../newmark_julia.pdf, page 17>
Package pdftex.def Info: ../newmark_julia.pdf , page17 used on input line 67.
(pdftex.def)             Requested size: 597.78697pt x 773.60669pt.
File: ../newmark_julia.pdf Graphic file (type pdf)
<use ../newmark_julia.pdf, page 17>
Package pdftex.def Info: ../newmark_julia.pdf , page17 used on input line 67.
(pdftex.def)             Requested size: 597.78697pt x 773.60669pt.
[18

 <../newmark_julia.pdf>]

pdfTeX warning: pdflatex (file ../newmark_julia.pdf): PDF inclusion: found PDF version <1.7>, but at most version <1.5> allowed
<../newmark_julia.pdf, id=845, page=18, 614.295pt x 794.97pt>
File: ../newmark_julia.pdf Graphic file (type pdf)
<use ../newmark_julia.pdf, page 18>
Package pdftex.def Info: ../newmark_julia.pdf , page18 used on input line 67.
(pdftex.def)             Requested size: 597.78697pt x 773.60669pt.
File: ../newmark_julia.pdf Graphic file (type pdf)
<use ../newmark_julia.pdf, page 18>
Package pdftex.def Info: ../newmark_julia.pdf , page18 used on input line 67.
(pdftex.def)             Requested size: 597.78697pt x 773.60669pt.
File: ../newmark_julia.pdf Graphic file (type pdf)
<use ../newmark_julia.pdf, page 18>
Package pdftex.def Info: ../newmark_julia.pdf , page18 used on input line 67.
(pdftex.def)             Requested size: 597.78697pt x 773.60669pt.
[19

 <../newmark_julia.pdf>]

pdfTeX warning: pdflatex (file ../newmark_julia.pdf): PDF inclusion: found PDF version <1.7>, but at most version <1.5> allowed
<../newmark_julia.pdf, id=854, page=19, 614.295pt x 794.97pt>
File: ../newmark_julia.pdf Graphic file (type pdf)
<use ../newmark_julia.pdf, page 19>
Package pdftex.def Info: ../newmark_julia.pdf , page19 used on input line 67.
(pdftex.def)             Requested size: 597.78697pt x 773.60669pt.
File: ../newmark_julia.pdf Graphic file (type pdf)
<use ../newmark_julia.pdf, page 19>
Package pdftex.def Info: ../newmark_julia.pdf , page19 used on input line 67.
(pdftex.def)             Requested size: 597.78697pt x 773.60669pt.
File: ../newmark_julia.pdf Graphic file (type pdf)
<use ../newmark_julia.pdf, page 19>
Package pdftex.def Info: ../newmark_julia.pdf , page19 used on input line 67.
(pdftex.def)             Requested size: 597.78697pt x 773.60669pt.
[20

 <../newmark_julia.pdf>]

pdfTeX warning: pdflatex (file ../newmark_julia.pdf): PDF inclusion: found PDF version <1.7>, but at most version <1.5> allowed
<../newmark_julia.pdf, id=868, page=20, 614.295pt x 794.97pt>
File: ../newmark_julia.pdf Graphic file (type pdf)
<use ../newmark_julia.pdf, page 20>
Package pdftex.def Info: ../newmark_julia.pdf , page20 used on input line 67.
(pdftex.def)             Requested size: 597.78697pt x 773.60669pt.
File: ../newmark_julia.pdf Graphic file (type pdf)
<use ../newmark_julia.pdf, page 20>
Package pdftex.def Info: ../newmark_julia.pdf , page20 used on input line 67.
(pdftex.def)             Requested size: 597.78697pt x 773.60669pt.
File: ../newmark_julia.pdf Graphic file (type pdf)
<use ../newmark_julia.pdf, page 20>
Package pdftex.def Info: ../newmark_julia.pdf , page20 used on input line 67.
(pdftex.def)             Requested size: 597.78697pt x 773.60669pt.
[21

 <../newmark_julia.pdf>]

pdfTeX warning: pdflatex (file ../newmark_julia.pdf): PDF inclusion: found PDF version <1.7>, but at most version <1.5> allowed
<../newmark_julia.pdf, id=881, page=21, 614.295pt x 794.97pt>
File: ../newmark_julia.pdf Graphic file (type pdf)
<use ../newmark_julia.pdf, page 21>
Package pdftex.def Info: ../newmark_julia.pdf , page21 used on input line 67.
(pdftex.def)             Requested size: 597.78697pt x 773.60669pt.
File: ../newmark_julia.pdf Graphic file (type pdf)
<use ../newmark_julia.pdf, page 21>
Package pdftex.def Info: ../newmark_julia.pdf , page21 used on input line 67.
(pdftex.def)             Requested size: 597.78697pt x 773.60669pt.
File: ../newmark_julia.pdf Graphic file (type pdf)
<use ../newmark_julia.pdf, page 21>
Package pdftex.def Info: ../newmark_julia.pdf , page21 used on input line 67.
(pdftex.def)             Requested size: 597.78697pt x 773.60669pt.
[22

 <../newmark_julia.pdf>]

pdfTeX warning: pdflatex (file ../newmark_julia.pdf): PDF inclusion: found PDF version <1.7>, but at most version <1.5> allowed
<../newmark_julia.pdf, id=892, page=22, 614.295pt x 794.97pt>
File: ../newmark_julia.pdf Graphic file (type pdf)
<use ../newmark_julia.pdf, page 22>
Package pdftex.def Info: ../newmark_julia.pdf , page22 used on input line 67.
(pdftex.def)             Requested size: 597.78697pt x 773.60669pt.
File: ../newmark_julia.pdf Graphic file (type pdf)
<use ../newmark_julia.pdf, page 22>
Package pdftex.def Info: ../newmark_julia.pdf , page22 used on input line 67.
(pdftex.def)             Requested size: 597.78697pt x 773.60669pt.
File: ../newmark_julia.pdf Graphic file (type pdf)
<use ../newmark_julia.pdf, page 22>
Package pdftex.def Info: ../newmark_julia.pdf , page22 used on input line 67.
(pdftex.def)             Requested size: 597.78697pt x 773.60669pt.
[23

 <../newmark_julia.pdf>]

pdfTeX warning: pdflatex (file ../newmark_julia.pdf): PDF inclusion: found PDF version <1.7>, but at most version <1.5> allowed
<../newmark_julia.pdf, id=903, page=23, 614.295pt x 794.97pt>
File: ../newmark_julia.pdf Graphic file (type pdf)
<use ../newmark_julia.pdf, page 23>
Package pdftex.def Info: ../newmark_julia.pdf , page23 used on input line 67.
(pdftex.def)             Requested size: 597.78697pt x 773.60669pt.
File: ../newmark_julia.pdf Graphic file (type pdf)
<use ../newmark_julia.pdf, page 23>
Package pdftex.def Info: ../newmark_julia.pdf , page23 used on input line 67.
(pdftex.def)             Requested size: 597.78697pt x 773.60669pt.
File: ../newmark_julia.pdf Graphic file (type pdf)
<use ../newmark_julia.pdf, page 23>
Package pdftex.def Info: ../newmark_julia.pdf , page23 used on input line 67.
(pdftex.def)             Requested size: 597.78697pt x 773.60669pt.
[24

 <../newmark_julia.pdf>]

pdfTeX warning: pdflatex (file ../newmark_julia.pdf): PDF inclusion: found PDF version <1.7>, but at most version <1.5> allowed
<../newmark_julia.pdf, id=1066, page=24, 614.295pt x 794.97pt>
File: ../newmark_julia.pdf Graphic file (type pdf)
<use ../newmark_julia.pdf, page 24>
Package pdftex.def Info: ../newmark_julia.pdf , page24 used on input line 67.
(pdftex.def)             Requested size: 597.78697pt x 773.60669pt.
File: ../newmark_julia.pdf Graphic file (type pdf)
<use ../newmark_julia.pdf, page 24>
Package pdftex.def Info: ../newmark_julia.pdf , page24 used on input line 67.
(pdftex.def)             Requested size: 597.78697pt x 773.60669pt.
File: ../newmark_julia.pdf Graphic file (type pdf)
<use ../newmark_julia.pdf, page 24>
Package pdftex.def Info: ../newmark_julia.pdf , page24 used on input line 67.
(pdftex.def)             Requested size: 597.78697pt x 773.60669pt.
[25

 <../newmark_julia.pdf>]

pdfTeX warning: pdflatex (file ../newmark_julia.pdf): PDF inclusion: found PDF version <1.7>, but at most version <1.5> allowed
<../newmark_julia.pdf, id=1110, page=25, 614.295pt x 794.97pt>
File: ../newmark_julia.pdf Graphic file (type pdf)
<use ../newmark_julia.pdf, page 25>
Package pdftex.def Info: ../newmark_julia.pdf , page25 used on input line 67.
(pdftex.def)             Requested size: 597.78697pt x 773.60669pt.
File: ../newmark_julia.pdf Graphic file (type pdf)
<use ../newmark_julia.pdf, page 25>
Package pdftex.def Info: ../newmark_julia.pdf , page25 used on input line 67.
(pdftex.def)             Requested size: 597.78697pt x 773.60669pt.
File: ../newmark_julia.pdf Graphic file (type pdf)
<use ../newmark_julia.pdf, page 25>
Package pdftex.def Info: ../newmark_julia.pdf , page25 used on input line 67.
(pdftex.def)             Requested size: 597.78697pt x 773.60669pt.
[26

 <../newmark_julia.pdf>]

pdfTeX warning: pdflatex (file ../newmark_julia.pdf): PDF inclusion: found PDF version <1.7>, but at most version <1.5> allowed
<../newmark_julia.pdf, id=1224, page=26, 614.295pt x 794.97pt>
File: ../newmark_julia.pdf Graphic file (type pdf)
<use ../newmark_julia.pdf, page 26>
Package pdftex.def Info: ../newmark_julia.pdf , page26 used on input line 67.
(pdftex.def)             Requested size: 597.78697pt x 773.60669pt.
File: ../newmark_julia.pdf Graphic file (type pdf)
<use ../newmark_julia.pdf, page 26>
Package pdftex.def Info: ../newmark_julia.pdf , page26 used on input line 67.
(pdftex.def)             Requested size: 597.78697pt x 773.60669pt.
File: ../newmark_julia.pdf Graphic file (type pdf)
<use ../newmark_julia.pdf, page 26>
Package pdftex.def Info: ../newmark_julia.pdf , page26 used on input line 67.
(pdftex.def)             Requested size: 597.78697pt x 773.60669pt.
[27

 <../newmark_julia.pdf>]

pdfTeX warning: pdflatex (file ../newmark_julia.pdf): PDF inclusion: found PDF version <1.7>, but at most version <1.5> allowed
<../newmark_julia.pdf, id=1242, page=27, 614.295pt x 794.97pt>
File: ../newmark_julia.pdf Graphic file (type pdf)
<use ../newmark_julia.pdf, page 27>
Package pdftex.def Info: ../newmark_julia.pdf , page27 used on input line 67.
(pdftex.def)             Requested size: 597.78697pt x 773.60669pt.
File: ../newmark_julia.pdf Graphic file (type pdf)
<use ../newmark_julia.pdf, page 27>
Package pdftex.def Info: ../newmark_julia.pdf , page27 used on input line 67.
(pdftex.def)             Requested size: 597.78697pt x 773.60669pt.
File: ../newmark_julia.pdf Graphic file (type pdf)
<use ../newmark_julia.pdf, page 27>
Package pdftex.def Info: ../newmark_julia.pdf , page27 used on input line 67.
(pdftex.def)             Requested size: 597.78697pt x 773.60669pt.
[28

 <../newmark_julia.pdf>]

pdfTeX warning: pdflatex (file ../newmark_julia.pdf): PDF inclusion: found PDF version <1.7>, but at most version <1.5> allowed
<../newmark_julia.pdf, id=1255, page=28, 614.295pt x 794.97pt>
File: ../newmark_julia.pdf Graphic file (type pdf)
<use ../newmark_julia.pdf, page 28>
Package pdftex.def Info: ../newmark_julia.pdf , page28 used on input line 67.
(pdftex.def)             Requested size: 597.78697pt x 773.60669pt.
File: ../newmark_julia.pdf Graphic file (type pdf)
<use ../newmark_julia.pdf, page 28>
Package pdftex.def Info: ../newmark_julia.pdf , page28 used on input line 67.
(pdftex.def)             Requested size: 597.78697pt x 773.60669pt.
File: ../newmark_julia.pdf Graphic file (type pdf)
<use ../newmark_julia.pdf, page 28>
Package pdftex.def Info: ../newmark_julia.pdf , page28 used on input line 67.
(pdftex.def)             Requested size: 597.78697pt x 773.60669pt.
[29

 <../newmark_julia.pdf>]

pdfTeX warning: pdflatex (file ../newmark_julia.pdf): PDF inclusion: found PDF version <1.7>, but at most version <1.5> allowed
<../newmark_julia.pdf, id=1271, page=29, 614.295pt x 794.97pt>
File: ../newmark_julia.pdf Graphic file (type pdf)
<use ../newmark_julia.pdf, page 29>
Package pdftex.def Info: ../newmark_julia.pdf , page29 used on input line 67.
(pdftex.def)             Requested size: 597.78697pt x 773.60669pt.
File: ../newmark_julia.pdf Graphic file (type pdf)
<use ../newmark_julia.pdf, page 29>
Package pdftex.def Info: ../newmark_julia.pdf , page29 used on input line 67.
(pdftex.def)             Requested size: 597.78697pt x 773.60669pt.
File: ../newmark_julia.pdf Graphic file (type pdf)
<use ../newmark_julia.pdf, page 29>
Package pdftex.def Info: ../newmark_julia.pdf , page29 used on input line 67.
(pdftex.def)             Requested size: 597.78697pt x 773.60669pt.
[30

 <../newmark_julia.pdf>]

pdfTeX warning: pdflatex (file ../newmark_julia.pdf): PDF inclusion: found PDF version <1.7>, but at most version <1.5> allowed
<../newmark_julia.pdf, id=1284, page=30, 614.295pt x 794.97pt>
File: ../newmark_julia.pdf Graphic file (type pdf)
<use ../newmark_julia.pdf, page 30>
Package pdftex.def Info: ../newmark_julia.pdf , page30 used on input line 67.
(pdftex.def)             Requested size: 597.78697pt x 773.60669pt.
File: ../newmark_julia.pdf Graphic file (type pdf)
<use ../newmark_julia.pdf, page 30>
Package pdftex.def Info: ../newmark_julia.pdf , page30 used on input line 67.
(pdftex.def)             Requested size: 597.78697pt x 773.60669pt.
File: ../newmark_julia.pdf Graphic file (type pdf)
<use ../newmark_julia.pdf, page 30>
Package pdftex.def Info: ../newmark_julia.pdf , page30 used on input line 67.
(pdftex.def)             Requested size: 597.78697pt x 773.60669pt.
[31

 <../newmark_julia.pdf>]

pdfTeX warning: pdflatex (file ../newmark_julia.pdf): PDF inclusion: found PDF version <1.7>, but at most version <1.5> allowed
<../newmark_julia.pdf, id=1295, page=31, 614.295pt x 794.97pt>
File: ../newmark_julia.pdf Graphic file (type pdf)
<use ../newmark_julia.pdf, page 31>
Package pdftex.def Info: ../newmark_julia.pdf , page31 used on input line 67.
(pdftex.def)             Requested size: 597.78697pt x 773.60669pt.
File: ../newmark_julia.pdf Graphic file (type pdf)
<use ../newmark_julia.pdf, page 31>
Package pdftex.def Info: ../newmark_julia.pdf , page31 used on input line 67.
(pdftex.def)             Requested size: 597.78697pt x 773.60669pt.
File: ../newmark_julia.pdf Graphic file (type pdf)
<use ../newmark_julia.pdf, page 31>
Package pdftex.def Info: ../newmark_julia.pdf , page31 used on input line 67.
(pdftex.def)             Requested size: 597.78697pt x 773.60669pt.
[32

 <../newmark_julia.pdf>]

pdfTeX warning: pdflatex (file ../newmark_julia.pdf): PDF inclusion: found PDF version <1.7>, but at most version <1.5> allowed
<../newmark_julia.pdf, id=1304, page=32, 614.295pt x 794.97pt>
File: ../newmark_julia.pdf Graphic file (type pdf)
<use ../newmark_julia.pdf, page 32>
Package pdftex.def Info: ../newmark_julia.pdf , page32 used on input line 67.
(pdftex.def)             Requested size: 597.78697pt x 773.60669pt.
File: ../newmark_julia.pdf Graphic file (type pdf)
<use ../newmark_julia.pdf, page 32>
Package pdftex.def Info: ../newmark_julia.pdf , page32 used on input line 67.
(pdftex.def)             Requested size: 597.78697pt x 773.60669pt.
File: ../newmark_julia.pdf Graphic file (type pdf)
<use ../newmark_julia.pdf, page 32>
Package pdftex.def Info: ../newmark_julia.pdf , page32 used on input line 67.
(pdftex.def)             Requested size: 597.78697pt x 773.60669pt.
[33

 <../newmark_julia.pdf>]

pdfTeX warning: pdflatex (file ../newmark_julia.pdf): PDF inclusion: found PDF version <1.7>, but at most version <1.5> allowed
<../newmark_julia.pdf, id=1321, page=33, 614.295pt x 794.97pt>
File: ../newmark_julia.pdf Graphic file (type pdf)
<use ../newmark_julia.pdf, page 33>
Package pdftex.def Info: ../newmark_julia.pdf , page33 used on input line 67.
(pdftex.def)             Requested size: 597.78697pt x 773.60669pt.
File: ../newmark_julia.pdf Graphic file (type pdf)
<use ../newmark_julia.pdf, page 33>
Package pdftex.def Info: ../newmark_julia.pdf , page33 used on input line 67.
(pdftex.def)             Requested size: 597.78697pt x 773.60669pt.
File: ../newmark_julia.pdf Graphic file (type pdf)
<use ../newmark_julia.pdf, page 33>
Package pdftex.def Info: ../newmark_julia.pdf , page33 used on input line 67.
(pdftex.def)             Requested size: 597.78697pt x 773.60669pt.
[34

 <../newmark_julia.pdf>]

pdfTeX warning: pdflatex (file ../newmark_julia.pdf): PDF inclusion: found PDF version <1.7>, but at most version <1.5> allowed
<../newmark_julia.pdf, id=1336, page=34, 614.295pt x 794.97pt>
File: ../newmark_julia.pdf Graphic file (type pdf)
<use ../newmark_julia.pdf, page 34>
Package pdftex.def Info: ../newmark_julia.pdf , page34 used on input line 67.
(pdftex.def)             Requested size: 597.78697pt x 773.60669pt.
File: ../newmark_julia.pdf Graphic file (type pdf)
<use ../newmark_julia.pdf, page 34>
Package pdftex.def Info: ../newmark_julia.pdf , page34 used on input line 67.
(pdftex.def)             Requested size: 597.78697pt x 773.60669pt.
File: ../newmark_julia.pdf Graphic file (type pdf)
<use ../newmark_julia.pdf, page 34>
Package pdftex.def Info: ../newmark_julia.pdf , page34 used on input line 67.
(pdftex.def)             Requested size: 597.78697pt x 773.60669pt.
[35

 <../newmark_julia.pdf>]

pdfTeX warning: pdflatex (file ../newmark_julia.pdf): PDF inclusion: found PDF version <1.7>, but at most version <1.5> allowed
<../newmark_julia.pdf, id=1343, page=35, 614.295pt x 794.97pt>
File: ../newmark_julia.pdf Graphic file (type pdf)
<use ../newmark_julia.pdf, page 35>
Package pdftex.def Info: ../newmark_julia.pdf , page35 used on input line 67.
(pdftex.def)             Requested size: 597.78697pt x 773.60669pt.
File: ../newmark_julia.pdf Graphic file (type pdf)
<use ../newmark_julia.pdf, page 35>
Package pdftex.def Info: ../newmark_julia.pdf , page35 used on input line 67.
(pdftex.def)             Requested size: 597.78697pt x 773.60669pt.
File: ../newmark_julia.pdf Graphic file (type pdf)
<use ../newmark_julia.pdf, page 35>
Package pdftex.def Info: ../newmark_julia.pdf , page35 used on input line 67.
(pdftex.def)             Requested size: 597.78697pt x 773.60669pt.
[36

 <../newmark_julia.pdf>]

pdfTeX warning: pdflatex (file ../newmark_julia.pdf): PDF inclusion: found PDF version <1.7>, but at most version <1.5> allowed
<../newmark_julia.pdf, id=1356, page=36, 614.295pt x 794.97pt>
File: ../newmark_julia.pdf Graphic file (type pdf)
<use ../newmark_julia.pdf, page 36>
Package pdftex.def Info: ../newmark_julia.pdf , page36 used on input line 67.
(pdftex.def)             Requested size: 597.78697pt x 773.60669pt.
File: ../newmark_julia.pdf Graphic file (type pdf)
<use ../newmark_julia.pdf, page 36>
Package pdftex.def Info: ../newmark_julia.pdf , page36 used on input line 67.
(pdftex.def)             Requested size: 597.78697pt x 773.60669pt.
File: ../newmark_julia.pdf Graphic file (type pdf)
<use ../newmark_julia.pdf, page 36>
Package pdftex.def Info: ../newmark_julia.pdf , page36 used on input line 67.
(pdftex.def)             Requested size: 597.78697pt x 773.60669pt.
[37

 <../newmark_julia.pdf>] [38

]

pdfTeX warning: pdflatex (file ../newmark.pdf): PDF inclusion: found PDF version <1.7>, but at most version <1.5> allowed
<../newmark.pdf, id=1424, 614.295pt x 794.97pt>
File: ../newmark.pdf Graphic file (type pdf)
<use ../newmark.pdf>
Package pdftex.def Info: ../newmark.pdf  used on input line 70.
(pdftex.def)             Requested size: 614.29349pt x 794.96806pt.


pdfTeX warning: pdflatex (file ../newmark.pdf): PDF inclusion: found PDF version <1.7>, but at most version <1.5> allowed
File: ../newmark.pdf Graphic file (type pdf)
<use ../newmark.pdf>
Package pdftex.def Info: ../newmark.pdf  used on input line 70.
(pdftex.def)             Requested size: 614.29349pt x 794.96806pt.


pdfTeX warning: pdflatex (file ../newmark.pdf): PDF inclusion: found PDF version <1.7>, but at most version <1.5> allowed


pdfTeX warning: pdflatex (file ../newmark.pdf): PDF inclusion: found PDF version <1.7>, but at most version <1.5> allowed
<../newmark.pdf, id=1427, page=1, 614.295pt x 794.97pt>
File: ../newmark.pdf Graphic file (type pdf)
<use ../newmark.pdf, page 1>
Package pdftex.def Info: ../newmark.pdf , page1 used on input line 70.
(pdftex.def)             Requested size: 614.29349pt x 794.96806pt.
File: ../newmark.pdf Graphic file (type pdf)
<use ../newmark.pdf, page 1>
Package pdftex.def Info: ../newmark.pdf , page1 used on input line 70.
(pdftex.def)             Requested size: 597.78697pt x 773.60669pt.
File: ../newmark.pdf Graphic file (type pdf)
<use ../newmark.pdf, page 1>
Package pdftex.def Info: ../newmark.pdf , page1 used on input line 70.
(pdftex.def)             Requested size: 597.78697pt x 773.60669pt.
File: ../newmark.pdf Graphic file (type pdf)
<use ../newmark.pdf, page 1>
Package pdftex.def Info: ../newmark.pdf , page1 used on input line 70.
(pdftex.def)             Requested size: 597.78697pt x 773.60669pt.
File: ../newmark.pdf Graphic file (type pdf)
<use ../newmark.pdf, page 1>
Package pdftex.def Info: ../newmark.pdf , page1 used on input line 70.
(pdftex.def)             Requested size: 597.78697pt x 773.60669pt.
[39


 <../newmark.pdf>]

pdfTeX warning: pdflatex (file ../newmark.pdf): PDF inclusion: found PDF version <1.7>, but at most version <1.5> allowed
<../newmark.pdf, id=1440, page=2, 614.295pt x 794.97pt>
File: ../newmark.pdf Graphic file (type pdf)
<use ../newmark.pdf, page 2>
Package pdftex.def Info: ../newmark.pdf , page2 used on input line 70.
(pdftex.def)             Requested size: 597.78697pt x 773.60669pt.
File: ../newmark.pdf Graphic file (type pdf)
<use ../newmark.pdf, page 2>
Package pdftex.def Info: ../newmark.pdf , page2 used on input line 70.
(pdftex.def)             Requested size: 597.78697pt x 773.60669pt.
File: ../newmark.pdf Graphic file (type pdf)
<use ../newmark.pdf, page 2>
Package pdftex.def Info: ../newmark.pdf , page2 used on input line 70.
(pdftex.def)             Requested size: 597.78697pt x 773.60669pt.
[40

 <../newmark.pdf>]

pdfTeX warning: pdflatex (file ../newmark_tasks_3a.pdf): PDF inclusion: found PDF version <1.7>, but at most version <1.5> allowed
<../newmark_tasks_3a.pdf, id=1444, 614.295pt x 794.97pt>
File: ../newmark_tasks_3a.pdf Graphic file (type pdf)
<use ../newmark_tasks_3a.pdf>
Package pdftex.def Info: ../newmark_tasks_3a.pdf  used on input line 71.
(pdftex.def)             Requested size: 614.29349pt x 794.96806pt.


pdfTeX warning: pdflatex (file ../newmark_tasks_3a.pdf): PDF inclusion: found PDF version <1.7>, but at most version <1.5> allowed
File: ../newmark_tasks_3a.pdf Graphic file (type pdf)
<use ../newmark_tasks_3a.pdf>
Package pdftex.def Info: ../newmark_tasks_3a.pdf  used on input line 71.
(pdftex.def)             Requested size: 614.29349pt x 794.96806pt.


pdfTeX warning: pdflatex (file ../newmark_tasks_3a.pdf): PDF inclusion: found PDF version <1.7>, but at most version <1.5> allowed


pdfTeX warning: pdflatex (file ../newmark_tasks_3a.pdf): PDF inclusion: found PDF version <1.7>, but at most version <1.5> allowed
<../newmark_tasks_3a.pdf, id=1447, page=1, 614.295pt x 794.97pt>
File: ../newmark_tasks_3a.pdf Graphic file (type pdf)
<use ../newmark_tasks_3a.pdf, page 1>
Package pdftex.def Info: ../newmark_tasks_3a.pdf , page1 used on input line 71.
(pdftex.def)             Requested size: 614.29349pt x 794.96806pt.
File: ../newmark_tasks_3a.pdf Graphic file (type pdf)
<use ../newmark_tasks_3a.pdf, page 1>
Package pdftex.def Info: ../newmark_tasks_3a.pdf , page1 used on input line 71.
(pdftex.def)             Requested size: 597.78697pt x 773.60669pt.
File: ../newmark_tasks_3a.pdf Graphic file (type pdf)
<use ../newmark_tasks_3a.pdf, page 1>
Package pdftex.def Info: ../newmark_tasks_3a.pdf , page1 used on input line 71.
(pdftex.def)             Requested size: 597.78697pt x 773.60669pt.
File: ../newmark_tasks_3a.pdf Graphic file (type pdf)
<use ../newmark_tasks_3a.pdf, page 1>
Package pdftex.def Info: ../newmark_tasks_3a.pdf , page1 used on input line 71.
(pdftex.def)             Requested size: 597.78697pt x 773.60669pt.
File: ../newmark_tasks_3a.pdf Graphic file (type pdf)
<use ../newmark_tasks_3a.pdf, page 1>
Package pdftex.def Info: ../newmark_tasks_3a.pdf , page1 used on input line 71.
(pdftex.def)             Requested size: 597.78697pt x 773.60669pt.
[41

 <../newmark_tasks_3a.pdf>]

pdfTeX warning: pdflatex (file ../newmark_tasks_3a.pdf): PDF inclusion: found PDF version <1.7>, but at most version <1.5> allowed
<../newmark_tasks_3a.pdf, id=1460, page=2, 614.295pt x 794.97pt>
File: ../newmark_tasks_3a.pdf Graphic file (type pdf)
<use ../newmark_tasks_3a.pdf, page 2>
Package pdftex.def Info: ../newmark_tasks_3a.pdf , page2 used on input line 71.
(pdftex.def)             Requested size: 597.78697pt x 773.60669pt.
File: ../newmark_tasks_3a.pdf Graphic file (type pdf)
<use ../newmark_tasks_3a.pdf, page 2>
Package pdftex.def Info: ../newmark_tasks_3a.pdf , page2 used on input line 71.
(pdftex.def)             Requested size: 597.78697pt x 773.60669pt.
File: ../newmark_tasks_3a.pdf Graphic file (type pdf)
<use ../newmark_tasks_3a.pdf, page 2>
Package pdftex.def Info: ../newmark_tasks_3a.pdf , page2 used on input line 71.
(pdftex.def)             Requested size: 597.78697pt x 773.60669pt.
[42

 <../newmark_tasks_3a.pdf>]

pdfTeX warning: pdflatex (file ../newmark_tasks_3a.pdf): PDF inclusion: found PDF version <1.7>, but at most version <1.5> allowed
<../newmark_tasks_3a.pdf, id=1465, page=3, 614.295pt x 794.97pt>
File: ../newmark_tasks_3a.pdf Graphic file (type pdf)
<use ../newmark_tasks_3a.pdf, page 3>
Package pdftex.def Info: ../newmark_tasks_3a.pdf , page3 used on input line 71.
(pdftex.def)             Requested size: 597.78697pt x 773.60669pt.
File: ../newmark_tasks_3a.pdf Graphic file (type pdf)
<use ../newmark_tasks_3a.pdf, page 3>
Package pdftex.def Info: ../newmark_tasks_3a.pdf , page3 used on input line 71.
(pdftex.def)             Requested size: 597.78697pt x 773.60669pt.
File: ../newmark_tasks_3a.pdf Graphic file (type pdf)
<use ../newmark_tasks_3a.pdf, page 3>
Package pdftex.def Info: ../newmark_tasks_3a.pdf , page3 used on input line 71.
(pdftex.def)             Requested size: 597.78697pt x 773.60669pt.
[43

 <../newmark_tasks_3a.pdf>]

pdfTeX warning: pdflatex (file ../newmark_tasks_3b.pdf): PDF inclusion: found PDF version <1.7>, but at most version <1.5> allowed
<../newmark_tasks_3b.pdf, id=1469, 614.295pt x 794.97pt>
File: ../newmark_tasks_3b.pdf Graphic file (type pdf)
<use ../newmark_tasks_3b.pdf>
Package pdftex.def Info: ../newmark_tasks_3b.pdf  used on input line 72.
(pdftex.def)             Requested size: 614.29349pt x 794.96806pt.


pdfTeX warning: pdflatex (file ../newmark_tasks_3b.pdf): PDF inclusion: found PDF version <1.7>, but at most version <1.5> allowed
File: ../newmark_tasks_3b.pdf Graphic file (type pdf)
<use ../newmark_tasks_3b.pdf>
Package pdftex.def Info: ../newmark_tasks_3b.pdf  used on input line 72.
(pdftex.def)             Requested size: 614.29349pt x 794.96806pt.


pdfTeX warning: pdflatex (file ../newmark_tasks_3b.pdf): PDF inclusion: found PDF version <1.7>, but at most version <1.5> allowed


pdfTeX warning: pdflatex (file ../newmark_tasks_3b.pdf): PDF inclusion: found PDF version <1.7>, but at most version <1.5> allowed
<../newmark_tasks_3b.pdf, id=1472, page=1, 614.295pt x 794.97pt>
File: ../newmark_tasks_3b.pdf Graphic file (type pdf)
<use ../newmark_tasks_3b.pdf, page 1>
Package pdftex.def Info: ../newmark_tasks_3b.pdf , page1 used on input line 72.
(pdftex.def)             Requested size: 614.29349pt x 794.96806pt.
File: ../newmark_tasks_3b.pdf Graphic file (type pdf)
<use ../newmark_tasks_3b.pdf, page 1>
Package pdftex.def Info: ../newmark_tasks_3b.pdf , page1 used on input line 72.
(pdftex.def)             Requested size: 597.78697pt x 773.60669pt.
File: ../newmark_tasks_3b.pdf Graphic file (type pdf)
<use ../newmark_tasks_3b.pdf, page 1>
Package pdftex.def Info: ../newmark_tasks_3b.pdf , page1 used on input line 72.
(pdftex.def)             Requested size: 597.78697pt x 773.60669pt.
File: ../newmark_tasks_3b.pdf Graphic file (type pdf)
<use ../newmark_tasks_3b.pdf, page 1>
Package pdftex.def Info: ../newmark_tasks_3b.pdf , page1 used on input line 72.
(pdftex.def)             Requested size: 597.78697pt x 773.60669pt.
File: ../newmark_tasks_3b.pdf Graphic file (type pdf)
<use ../newmark_tasks_3b.pdf, page 1>
Package pdftex.def Info: ../newmark_tasks_3b.pdf , page1 used on input line 72.
(pdftex.def)             Requested size: 597.78697pt x 773.60669pt.
[44

 <../newmark_tasks_3b.pdf>]

pdfTeX warning: pdflatex (file ../newmark_tasks_3b.pdf): PDF inclusion: found PDF version <1.7>, but at most version <1.5> allowed
<../newmark_tasks_3b.pdf, id=1485, page=2, 614.295pt x 794.97pt>
File: ../newmark_tasks_3b.pdf Graphic file (type pdf)
<use ../newmark_tasks_3b.pdf, page 2>
Package pdftex.def Info: ../newmark_tasks_3b.pdf , page2 used on input line 72.
(pdftex.def)             Requested size: 597.78697pt x 773.60669pt.
File: ../newmark_tasks_3b.pdf Graphic file (type pdf)
<use ../newmark_tasks_3b.pdf, page 2>
Package pdftex.def Info: ../newmark_tasks_3b.pdf , page2 used on input line 72.
(pdftex.def)             Requested size: 597.78697pt x 773.60669pt.
File: ../newmark_tasks_3b.pdf Graphic file (type pdf)
<use ../newmark_tasks_3b.pdf, page 2>
Package pdftex.def Info: ../newmark_tasks_3b.pdf , page2 used on input line 72.
(pdftex.def)             Requested size: 597.78697pt x 773.60669pt.
[45

 <../newmark_tasks_3b.pdf>]

pdfTeX warning: pdflatex (file ../newmark_tasks_3b.pdf): PDF inclusion: found PDF version <1.7>, but at most version <1.5> allowed
<../newmark_tasks_3b.pdf, id=1489, page=3, 614.295pt x 794.97pt>
File: ../newmark_tasks_3b.pdf Graphic file (type pdf)
<use ../newmark_tasks_3b.pdf, page 3>
Package pdftex.def Info: ../newmark_tasks_3b.pdf , page3 used on input line 72.
(pdftex.def)             Requested size: 597.78697pt x 773.60669pt.
File: ../newmark_tasks_3b.pdf Graphic file (type pdf)
<use ../newmark_tasks_3b.pdf, page 3>
Package pdftex.def Info: ../newmark_tasks_3b.pdf , page3 used on input line 72.
(pdftex.def)             Requested size: 597.78697pt x 773.60669pt.
File: ../newmark_tasks_3b.pdf Graphic file (type pdf)
<use ../newmark_tasks_3b.pdf, page 3>
Package pdftex.def Info: ../newmark_tasks_3b.pdf , page3 used on input line 72.
(pdftex.def)             Requested size: 597.78697pt x 773.60669pt.
[46

 <../newmark_tasks_3b.pdf>]

pdfTeX warning: pdflatex (file ../adapt_newmark.pdf): PDF inclusion: found PDF version <1.7>, but at most version <1.5> allowed
<../adapt_newmark.pdf, id=1493, 614.295pt x 794.97pt>
File: ../adapt_newmark.pdf Graphic file (type pdf)
<use ../adapt_newmark.pdf>
Package pdftex.def Info: ../adapt_newmark.pdf  used on input line 73.
(pdftex.def)             Requested size: 614.29349pt x 794.96806pt.


pdfTeX warning: pdflatex (file ../adapt_newmark.pdf): PDF inclusion: found PDF version <1.7>, but at most version <1.5> allowed
File: ../adapt_newmark.pdf Graphic file (type pdf)
<use ../adapt_newmark.pdf>
Package pdftex.def Info: ../adapt_newmark.pdf  used on input line 73.
(pdftex.def)             Requested size: 614.29349pt x 794.96806pt.


pdfTeX warning: pdflatex (file ../adapt_newmark.pdf): PDF inclusion: found PDF version <1.7>, but at most version <1.5> allowed


pdfTeX warning: pdflatex (file ../adapt_newmark.pdf): PDF inclusion: found PDF version <1.7>, but at most version <1.5> allowed
<../adapt_newmark.pdf, id=1496, page=1, 614.295pt x 794.97pt>
File: ../adapt_newmark.pdf Graphic file (type pdf)
<use ../adapt_newmark.pdf, page 1>
Package pdftex.def Info: ../adapt_newmark.pdf , page1 used on input line 73.
(pdftex.def)             Requested size: 614.29349pt x 794.96806pt.
File: ../adapt_newmark.pdf Graphic file (type pdf)
<use ../adapt_newmark.pdf, page 1>
Package pdftex.def Info: ../adapt_newmark.pdf , page1 used on input line 73.
(pdftex.def)             Requested size: 597.78697pt x 773.60669pt.
File: ../adapt_newmark.pdf Graphic file (type pdf)
<use ../adapt_newmark.pdf, page 1>
Package pdftex.def Info: ../adapt_newmark.pdf , page1 used on input line 73.
(pdftex.def)             Requested size: 597.78697pt x 773.60669pt.
File: ../adapt_newmark.pdf Graphic file (type pdf)
<use ../adapt_newmark.pdf, page 1>
Package pdftex.def Info: ../adapt_newmark.pdf , page1 used on input line 73.
(pdftex.def)             Requested size: 597.78697pt x 773.60669pt.
File: ../adapt_newmark.pdf Graphic file (type pdf)
<use ../adapt_newmark.pdf, page 1>
Package pdftex.def Info: ../adapt_newmark.pdf , page1 used on input line 73.
(pdftex.def)             Requested size: 597.78697pt x 773.60669pt.
[47

 <../adapt_newmark.pdf>]

pdfTeX warning: pdflatex (file ../adapt_newmark.pdf): PDF inclusion: found PDF version <1.7>, but at most version <1.5> allowed
<../adapt_newmark.pdf, id=1509, page=2, 614.295pt x 794.97pt>
File: ../adapt_newmark.pdf Graphic file (type pdf)
<use ../adapt_newmark.pdf, page 2>
Package pdftex.def Info: ../adapt_newmark.pdf , page2 used on input line 73.
(pdftex.def)             Requested size: 597.78697pt x 773.60669pt.
File: ../adapt_newmark.pdf Graphic file (type pdf)
<use ../adapt_newmark.pdf, page 2>
Package pdftex.def Info: ../adapt_newmark.pdf , page2 used on input line 73.
(pdftex.def)             Requested size: 597.78697pt x 773.60669pt.
File: ../adapt_newmark.pdf Graphic file (type pdf)
<use ../adapt_newmark.pdf, page 2>
Package pdftex.def Info: ../adapt_newmark.pdf , page2 used on input line 73.
(pdftex.def)             Requested size: 597.78697pt x 773.60669pt.
[48

 <../adapt_newmark.pdf>]

pdfTeX warning: pdflatex (file ../adapt_newmark_tasks.pdf): PDF inclusion: found PDF version <1.7>, but at most version <1.5> allowed
<../adapt_newmark_tasks.pdf, id=1514, 614.295pt x 794.97pt>
File: ../adapt_newmark_tasks.pdf Graphic file (type pdf)
<use ../adapt_newmark_tasks.pdf>
Package pdftex.def Info: ../adapt_newmark_tasks.pdf  used on input line 74.
(pdftex.def)             Requested size: 614.29349pt x 794.96806pt.


pdfTeX warning: pdflatex (file ../adapt_newmark_tasks.pdf): PDF inclusion: found PDF version <1.7>, but at most version <1.5> allowed
File: ../adapt_newmark_tasks.pdf Graphic file (type pdf)
<use ../adapt_newmark_tasks.pdf>
Package pdftex.def Info: ../adapt_newmark_tasks.pdf  used on input line 74.
(pdftex.def)             Requested size: 614.29349pt x 794.96806pt.


pdfTeX warning: pdflatex (file ../adapt_newmark_tasks.pdf): PDF inclusion: found PDF version <1.7>, but at most version <1.5> allowed


pdfTeX warning: pdflatex (file ../adapt_newmark_tasks.pdf): PDF inclusion: found PDF version <1.7>, but at most version <1.5> allowed
<../adapt_newmark_tasks.pdf, id=1517, page=1, 614.295pt x 794.97pt>
File: ../adapt_newmark_tasks.pdf Graphic file (type pdf)
<use ../adapt_newmark_tasks.pdf, page 1>
Package pdftex.def Info: ../adapt_newmark_tasks.pdf , page1 used on input line 74.
(pdftex.def)             Requested size: 614.29349pt x 794.96806pt.
File: ../adapt_newmark_tasks.pdf Graphic file (type pdf)
<use ../adapt_newmark_tasks.pdf, page 1>
Package pdftex.def Info: ../adapt_newmark_tasks.pdf , page1 used on input line 74.
(pdftex.def)             Requested size: 597.78697pt x 773.60669pt.
File: ../adapt_newmark_tasks.pdf Graphic file (type pdf)
<use ../adapt_newmark_tasks.pdf, page 1>
Package pdftex.def Info: ../adapt_newmark_tasks.pdf , page1 used on input line 74.
(pdftex.def)             Requested size: 597.78697pt x 773.60669pt.
File: ../adapt_newmark_tasks.pdf Graphic file (type pdf)
<use ../adapt_newmark_tasks.pdf, page 1>
Package pdftex.def Info: ../adapt_newmark_tasks.pdf , page1 used on input line 74.
(pdftex.def)             Requested size: 597.78697pt x 773.60669pt.
File: ../adapt_newmark_tasks.pdf Graphic file (type pdf)
<use ../adapt_newmark_tasks.pdf, page 1>
Package pdftex.def Info: ../adapt_newmark_tasks.pdf , page1 used on input line 74.
(pdftex.def)             Requested size: 597.78697pt x 773.60669pt.
[49

 <../adapt_newmark_tasks.pdf>]

pdfTeX warning: pdflatex (file ../adapt_newmark_tasks.pdf): PDF inclusion: found PDF version <1.7>, but at most version <1.5> allowed
<../adapt_newmark_tasks.pdf, id=1530, page=2, 614.295pt x 794.97pt>
File: ../adapt_newmark_tasks.pdf Graphic file (type pdf)
<use ../adapt_newmark_tasks.pdf, page 2>
Package pdftex.def Info: ../adapt_newmark_tasks.pdf , page2 used on input line 74.
(pdftex.def)             Requested size: 597.78697pt x 773.60669pt.
File: ../adapt_newmark_tasks.pdf Graphic file (type pdf)
<use ../adapt_newmark_tasks.pdf, page 2>
Package pdftex.def Info: ../adapt_newmark_tasks.pdf , page2 used on input line 74.
(pdftex.def)             Requested size: 597.78697pt x 773.60669pt.
File: ../adapt_newmark_tasks.pdf Graphic file (type pdf)
<use ../adapt_newmark_tasks.pdf, page 2>
Package pdftex.def Info: ../adapt_newmark_tasks.pdf , page2 used on input line 74.
(pdftex.def)             Requested size: 597.78697pt x 773.60669pt.
[50

 <../adapt_newmark_tasks.pdf>]

pdfTeX warning: pdflatex (file ../adapt_newmark_tasks.pdf): PDF inclusion: found PDF version <1.7>, but at most version <1.5> allowed
<../adapt_newmark_tasks.pdf, id=1534, page=3, 614.295pt x 794.97pt>
File: ../adapt_newmark_tasks.pdf Graphic file (type pdf)
<use ../adapt_newmark_tasks.pdf, page 3>
Package pdftex.def Info: ../adapt_newmark_tasks.pdf , page3 used on input line 74.
(pdftex.def)             Requested size: 597.78697pt x 773.60669pt.
File: ../adapt_newmark_tasks.pdf Graphic file (type pdf)
<use ../adapt_newmark_tasks.pdf, page 3>
Package pdftex.def Info: ../adapt_newmark_tasks.pdf , page3 used on input line 74.
(pdftex.def)             Requested size: 597.78697pt x 773.60669pt.
File: ../adapt_newmark_tasks.pdf Graphic file (type pdf)
<use ../adapt_newmark_tasks.pdf, page 3>
Package pdftex.def Info: ../adapt_newmark_tasks.pdf , page3 used on input line 74.
(pdftex.def)             Requested size: 597.78697pt x 773.60669pt.
[51

 <../adapt_newmark_tasks.pdf>]
*geometry* verbose mode - [ newgeometry ] result:
* driver: pdftex
* paper: a4paper
* layout: <same size as paper>
* layoutoffset:(h,v)=(0.0pt,0.0pt)
* modes: 
* h-part:(L,W,R)=(0.07277pt, 597.36234pt, 0.07277pt)
* v-part:(T,H,B)=(36.135pt, 736.64186pt, 72.26999pt)
* \paperwidth=597.50787pt
* \paperheight=845.04684pt
* \textwidth=597.36234pt
* \textheight=736.64186pt
* \oddsidemargin=-72.19722pt
* \evensidemargin=-72.19722pt
* \topmargin=-73.135pt
* \headheight=12.0pt
* \headsep=25.0pt
* \topskip=12.0pt
* \footskip=30.0pt
* \marginparwidth=35.0pt
* \marginparsep=10.0pt
* \columnsep=10.0pt
* \skip\footins=10.8pt plus 4.0pt minus 2.0pt
* \hoffset=0.0pt
* \voffset=0.0pt
* \mag=1000
* \@twocolumnfalse
* \@twosidefalse
* \@mparswitchfalse
* \@reversemarginfalse
* (1in=72.27pt=25.4mm, 1cm=28.453pt)

<../../Matlab/task3a_plots/u_vs_time.png, id=1538, 421.575pt x 316.0608pt>
File: ../../Matlab/task3a_plots/u_vs_time.png Graphic file (type png)
<use ../../Matlab/task3a_plots/u_vs_time.png>
Package pdftex.def Info: ../../Matlab/task3a_plots/u_vs_time.png  used on input line 80.
(pdftex.def)             Requested size: 298.68117pt x 223.92729pt.
<../../Matlab/task3a_plots/v_vs_time.png, id=1539, 421.575pt x 316.0608pt>
File: ../../Matlab/task3a_plots/v_vs_time.png Graphic file (type png)
<use ../../Matlab/task3a_plots/v_vs_time.png>
Package pdftex.def Info: ../../Matlab/task3a_plots/v_vs_time.png  used on input line 86.
(pdftex.def)             Requested size: 298.68117pt x 223.92729pt.
<../../Matlab/task3a_plots/a_vs_time.png, id=1540, 421.575pt x 316.0608pt>
File: ../../Matlab/task3a_plots/a_vs_time.png Graphic file (type png)
<use ../../Matlab/task3a_plots/a_vs_time.png>
Package pdftex.def Info: ../../Matlab/task3a_plots/a_vs_time.png  used on input line 94.
(pdftex.def)             Requested size: 298.68117pt x 223.92729pt.
 [52

 <../../Matlab/task3a_plots/u_vs_time.png (PNG copy)> <../../Matlab/task3a_plots/v_vs_time.png (PNG copy)> <../../Matlab/task3a_plots/a_vs_time.png (PNG copy)>]
*geometry* verbose mode - [ newgeometry ] result:
* driver: pdftex
* paper: a4paper
* layout: <same size as paper>
* layoutoffset:(h,v)=(0.0pt,0.0pt)
* modes: 
* h-part:(L,W,R)=(0.07277pt, 597.36234pt, 0.07277pt)
* v-part:(T,H,B)=(36.135pt, 736.64186pt, 72.26999pt)
* \paperwidth=597.50787pt
* \paperheight=845.04684pt
* \textwidth=597.36234pt
* \textheight=736.64186pt
* \oddsidemargin=-72.19722pt
* \evensidemargin=-72.19722pt
* \topmargin=-73.135pt
* \headheight=12.0pt
* \headsep=25.0pt
* \topskip=12.0pt
* \footskip=30.0pt
* \marginparwidth=35.0pt
* \marginparsep=10.0pt
* \columnsep=10.0pt
* \skip\footins=10.8pt plus 4.0pt minus 2.0pt
* \hoffset=0.0pt
* \voffset=0.0pt
* \mag=1000
* \@twocolumnfalse
* \@twosidefalse
* \@mparswitchfalse
* \@reversemarginfalse
* (1in=72.27pt=25.4mm, 1cm=28.453pt)

<../../Matlab/task3a_plots/e_abs_vs_time.png, id=1545, 421.575pt x 316.0608pt>
File: ../../Matlab/task3a_plots/e_abs_vs_time.png Graphic file (type png)
<use ../../Matlab/task3a_plots/e_abs_vs_time.png>
Package pdftex.def Info: ../../Matlab/task3a_plots/e_abs_vs_time.png  used on input line 109.
(pdftex.def)             Requested size: 298.68117pt x 223.92729pt.
<../../Matlab/task3a_plots/eta_vs_time.png, id=1546, 421.575pt x 316.0608pt>
File: ../../Matlab/task3a_plots/eta_vs_time.png Graphic file (type png)
<use ../../Matlab/task3a_plots/eta_vs_time.png>
Package pdftex.def Info: ../../Matlab/task3a_plots/eta_vs_time.png  used on input line 115.
(pdftex.def)             Requested size: 298.68117pt x 223.92729pt.
<../../Matlab/task3a_plots/e_cum_vs_time.png, id=1547, 421.575pt x 316.0608pt>
File: ../../Matlab/task3a_plots/e_cum_vs_time.png Graphic file (type png)
<use ../../Matlab/task3a_plots/e_cum_vs_time.png>
Package pdftex.def Info: ../../Matlab/task3a_plots/e_cum_vs_time.png  used on input line 123.
(pdftex.def)             Requested size: 298.68117pt x 223.92729pt.
 [53

 <../../Matlab/task3a_plots/e_abs_vs_time.png (PNG copy)> <../../Matlab/task3a_plots/eta_vs_time.png (PNG copy)> <../../Matlab/task3a_plots/e_cum_vs_time.png (PNG copy)>]
*geometry* verbose mode - [ newgeometry ] result:
* driver: pdftex
* paper: a4paper
* layout: <same size as paper>
* layoutoffset:(h,v)=(0.0pt,0.0pt)
* modes: 
* h-part:(L,W,R)=(0.07277pt, 597.36234pt, 0.07277pt)
* v-part:(T,H,B)=(36.135pt, 736.64186pt, 72.26999pt)
* \paperwidth=597.50787pt
* \paperheight=845.04684pt
* \textwidth=597.36234pt
* \textheight=736.64186pt
* \oddsidemargin=-72.19722pt
* \evensidemargin=-72.19722pt
* \topmargin=-73.135pt
* \headheight=12.0pt
* \headsep=25.0pt
* \topskip=12.0pt
* \footskip=30.0pt
* \marginparwidth=35.0pt
* \marginparsep=10.0pt
* \columnsep=10.0pt
* \skip\footins=10.8pt plus 4.0pt minus 2.0pt
* \hoffset=0.0pt
* \voffset=0.0pt
* \mag=1000
* \@twocolumnfalse
* \@twosidefalse
* \@mparswitchfalse
* \@reversemarginfalse
* (1in=72.27pt=25.4mm, 1cm=28.453pt)

<../../Matlab/task3b_plots/u_vs_time.png, id=1551, 421.575pt x 316.0608pt>
File: ../../Matlab/task3b_plots/u_vs_time.png Graphic file (type png)
<use ../../Matlab/task3b_plots/u_vs_time.png>
Package pdftex.def Info: ../../Matlab/task3b_plots/u_vs_time.png  used on input line 144.
(pdftex.def)             Requested size: 298.68117pt x 223.92729pt.
<../../Matlab/task3b_plots/v_vs_time.png, id=1552, 421.575pt x 316.0608pt>
File: ../../Matlab/task3b_plots/v_vs_time.png Graphic file (type png)
<use ../../Matlab/task3b_plots/v_vs_time.png>
Package pdftex.def Info: ../../Matlab/task3b_plots/v_vs_time.png  used on input line 150.
(pdftex.def)             Requested size: 298.68117pt x 223.92729pt.
<../../Matlab/task3b_plots/a_vs_time.png, id=1553, 421.575pt x 316.0608pt>
File: ../../Matlab/task3b_plots/a_vs_time.png Graphic file (type png)
<use ../../Matlab/task3b_plots/a_vs_time.png>
Package pdftex.def Info: ../../Matlab/task3b_plots/a_vs_time.png  used on input line 158.
(pdftex.def)             Requested size: 298.68117pt x 223.92729pt.
 [54

 <../../Matlab/task3b_plots/u_vs_time.png (PNG copy)> <../../Matlab/task3b_plots/v_vs_time.png (PNG copy)> <../../Matlab/task3b_plots/a_vs_time.png (PNG copy)>]
*geometry* verbose mode - [ newgeometry ] result:
* driver: pdftex
* paper: a4paper
* layout: <same size as paper>
* layoutoffset:(h,v)=(0.0pt,0.0pt)
* modes: 
* h-part:(L,W,R)=(0.07277pt, 597.36234pt, 0.07277pt)
* v-part:(T,H,B)=(36.135pt, 736.64186pt, 72.26999pt)
* \paperwidth=597.50787pt
* \paperheight=845.04684pt
* \textwidth=597.36234pt
* \textheight=736.64186pt
* \oddsidemargin=-72.19722pt
* \evensidemargin=-72.19722pt
* \topmargin=-73.135pt
* \headheight=12.0pt
* \headsep=25.0pt
* \topskip=12.0pt
* \footskip=30.0pt
* \marginparwidth=35.0pt
* \marginparsep=10.0pt
* \columnsep=10.0pt
* \skip\footins=10.8pt plus 4.0pt minus 2.0pt
* \hoffset=0.0pt
* \voffset=0.0pt
* \mag=1000
* \@twocolumnfalse
* \@twosidefalse
* \@mparswitchfalse
* \@reversemarginfalse
* (1in=72.27pt=25.4mm, 1cm=28.453pt)

<../../Matlab/task3b_plots/e_abs_vs_time.png, id=1558, 421.575pt x 316.0608pt>
File: ../../Matlab/task3b_plots/e_abs_vs_time.png Graphic file (type png)
<use ../../Matlab/task3b_plots/e_abs_vs_time.png>
Package pdftex.def Info: ../../Matlab/task3b_plots/e_abs_vs_time.png  used on input line 173.
(pdftex.def)             Requested size: 298.68117pt x 223.92729pt.
<../../Matlab/task3b_plots/eta_vs_time.png, id=1559, 421.575pt x 316.0608pt>
File: ../../Matlab/task3b_plots/eta_vs_time.png Graphic file (type png)
<use ../../Matlab/task3b_plots/eta_vs_time.png>
Package pdftex.def Info: ../../Matlab/task3b_plots/eta_vs_time.png  used on input line 179.
(pdftex.def)             Requested size: 298.68117pt x 223.92729pt.
<../../Matlab/task3b_plots/e_cum_vs_time.png, id=1560, 421.575pt x 316.0608pt>
File: ../../Matlab/task3b_plots/e_cum_vs_time.png Graphic file (type png)
<use ../../Matlab/task3b_plots/e_cum_vs_time.png>
Package pdftex.def Info: ../../Matlab/task3b_plots/e_cum_vs_time.png  used on input line 187.
(pdftex.def)             Requested size: 298.68117pt x 223.92729pt.
 [55

 <../../Matlab/task3b_plots/e_abs_vs_time.png (PNG copy)> <../../Matlab/task3b_plots/eta_vs_time.png (PNG copy)> <../../Matlab/task3b_plots/e_cum_vs_time.png (PNG copy)>]
*geometry* verbose mode - [ newgeometry ] result:
* driver: pdftex
* paper: a4paper
* layout: <same size as paper>
* layoutoffset:(h,v)=(0.0pt,0.0pt)
* modes: 
* h-part:(L,W,R)=(0.07277pt, 597.36234pt, 0.07277pt)
* v-part:(T,H,B)=(36.135pt, 736.64186pt, 72.26999pt)
* \paperwidth=597.50787pt
* \paperheight=845.04684pt
* \textwidth=597.36234pt
* \textheight=736.64186pt
* \oddsidemargin=-72.19722pt
* \evensidemargin=-72.19722pt
* \topmargin=-73.135pt
* \headheight=12.0pt
* \headsep=25.0pt
* \topskip=12.0pt
* \footskip=30.0pt
* \marginparwidth=35.0pt
* \marginparsep=10.0pt
* \columnsep=10.0pt
* \skip\footins=10.8pt plus 4.0pt minus 2.0pt
* \hoffset=0.0pt
* \voffset=0.0pt
* \mag=1000
* \@twocolumnfalse
* \@twosidefalse
* \@mparswitchfalse
* \@reversemarginfalse
* (1in=72.27pt=25.4mm, 1cm=28.453pt)

<../../Matlab/adaptive_plots/u_vs_time.png, id=1564, 421.575pt x 316.0608pt>
File: ../../Matlab/adaptive_plots/u_vs_time.png Graphic file (type png)
<use ../../Matlab/adaptive_plots/u_vs_time.png>
Package pdftex.def Info: ../../Matlab/adaptive_plots/u_vs_time.png  used on input line 207.
(pdftex.def)             Requested size: 298.68117pt x 223.92729pt.
<../../Matlab/adaptive_plots/v_vs_time.png, id=1565, 421.575pt x 316.0608pt>
File: ../../Matlab/adaptive_plots/v_vs_time.png Graphic file (type png)
<use ../../Matlab/adaptive_plots/v_vs_time.png>
Package pdftex.def Info: ../../Matlab/adaptive_plots/v_vs_time.png  used on input line 213.
(pdftex.def)             Requested size: 298.68117pt x 223.92729pt.
<../../Matlab/adaptive_plots/a_vs_time.png, id=1566, 421.575pt x 316.0608pt>
File: ../../Matlab/adaptive_plots/a_vs_time.png Graphic file (type png)
<use ../../Matlab/adaptive_plots/a_vs_time.png>
Package pdftex.def Info: ../../Matlab/adaptive_plots/a_vs_time.png  used on input line 221.
(pdftex.def)             Requested size: 298.68117pt x 223.92729pt.
 [56

 <../../Matlab/adaptive_plots/u_vs_time.png (PNG copy)> <../../Matlab/adaptive_plots/v_vs_time.png (PNG copy)> <../../Matlab/adaptive_plots/a_vs_time.png (PNG copy)>]
*geometry* verbose mode - [ newgeometry ] result:
* driver: pdftex
* paper: a4paper
* layout: <same size as paper>
* layoutoffset:(h,v)=(0.0pt,0.0pt)
* modes: 
* h-part:(L,W,R)=(0.07277pt, 597.36234pt, 0.07277pt)
* v-part:(T,H,B)=(36.135pt, 736.64186pt, 72.26999pt)
* \paperwidth=597.50787pt
* \paperheight=845.04684pt
* \textwidth=597.36234pt
* \textheight=736.64186pt
* \oddsidemargin=-72.19722pt
* \evensidemargin=-72.19722pt
* \topmargin=-73.135pt
* \headheight=12.0pt
* \headsep=25.0pt
* \topskip=12.0pt
* \footskip=30.0pt
* \marginparwidth=35.0pt
* \marginparsep=10.0pt
* \columnsep=10.0pt
* \skip\footins=10.8pt plus 4.0pt minus 2.0pt
* \hoffset=0.0pt
* \voffset=0.0pt
* \mag=1000
* \@twocolumnfalse
* \@twosidefalse
* \@mparswitchfalse
* \@reversemarginfalse
* (1in=72.27pt=25.4mm, 1cm=28.453pt)

<../../Matlab/adaptive_plots/e_abs_vs_time.png, id=1570, 421.575pt x 316.0608pt>
File: ../../Matlab/adaptive_plots/e_abs_vs_time.png Graphic file (type png)
<use ../../Matlab/adaptive_plots/e_abs_vs_time.png>
Package pdftex.def Info: ../../Matlab/adaptive_plots/e_abs_vs_time.png  used on input line 236.
(pdftex.def)             Requested size: 298.68117pt x 223.92729pt.
<../../Matlab/adaptive_plots/eta_vs_time.png, id=1571, 421.575pt x 316.0608pt>
File: ../../Matlab/adaptive_plots/eta_vs_time.png Graphic file (type png)
<use ../../Matlab/adaptive_plots/eta_vs_time.png>
Package pdftex.def Info: ../../Matlab/adaptive_plots/eta_vs_time.png  used on input line 242.
(pdftex.def)             Requested size: 298.68117pt x 223.92729pt.
<../../Matlab/adaptive_plots/e_cum_vs_time.png, id=1572, 421.575pt x 316.0608pt>
File: ../../Matlab/adaptive_plots/e_cum_vs_time.png Graphic file (type png)
<use ../../Matlab/adaptive_plots/e_cum_vs_time.png>
Package pdftex.def Info: ../../Matlab/adaptive_plots/e_cum_vs_time.png  used on input line 250.
(pdftex.def)             Requested size: 298.68117pt x 223.92729pt.
 [57

 <../../Matlab/adaptive_plots/e_abs_vs_time.png (PNG copy)> <../../Matlab/adaptive_plots/eta_vs_time.png (PNG copy)> <../../Matlab/adaptive_plots/e_cum_vs_time.png (PNG copy)>] (cover page.aux)
 ***********
LaTeX2e <2023-11-01> patch level 1
L3 programming layer <2024-05-08>
 ***********
 ) 
Here is how much of TeX's memory you used:
 16389 strings out of 474313
 332155 string characters out of 5749125
 1928907 words of memory out of 5000000
 38614 multiletter control sequences out of 15000+600000
 560481 words of font info for 44 fonts, out of 8000000 for 9000
 1141 hyphenation exceptions out of 8191
 84i,17n,93p,526b,500s stack positions out of 10000i,1000n,20000p,200000b,200000s
<C:/Program Files/MiKTeX/fonts/type1/public/amsfonts/cm/cmbx12.pfb><C:/Program Files/MiKTeX/fonts/type1/public/amsfonts/cm/cmcsc10.pfb><C:/Program Files/MiKTeX/fonts/type1/public/amsfonts/cm/cmr10.pfb><C:/Program Files/MiKTeX/fonts/type1/public/amsfonts/cm/cmr12.pfb><C:/Program Files/MiKTeX/fonts/type1/public/amsfonts/cm/cmr17.pfb>
Output written on "cover page.pdf" (58 pages, 8914945 bytes).
PDF statistics:
 1600 PDF objects out of 1728 (max. 8388607)
 0 named destinations out of 1000 (max. 500000)
 443 words of extra memory for PDF output out of 10000 (max. 10000000)

